::1 - - [23/Jul/2019:18:27:16 +0700] "GET / HTTP/1.1" 200 41036
::1 - - [23/Jul/2019:18:27:16 +0700] "GET /apachehaus.ico HTTP/1.1" 200 4286
::1 - - [23/Jul/2019:18:27:17 +0700] "GET / HTTP/1.1" 304 -
::1 - - [23/Jul/2019:18:27:17 +0700] "GET /apachehaus.ico HTTP/1.1" 200 4286
::1 - - [16/Mar/2021:19:44:30 +0800] "GET / HTTP/1.1" 200 4026
::1 - - [16/Mar/2021:19:44:30 +0800] "GET /appserv/members.gif HTTP/1.1" 200 755
::1 - - [16/Mar/2021:19:44:30 +0800] "GET /appserv/PHP-logo.gif HTTP/1.1" 200 2158
::1 - - [16/Mar/2021:19:44:30 +0800] "GET /appserv/flag-english.png HTTP/1.1" 200 576
::1 - - [16/Mar/2021:19:44:30 +0800] "GET /appserv/flag-thai.png HTTP/1.1" 200 545
::1 - - [16/Mar/2021:19:44:30 +0800] "GET /appserv/softicon.gif HTTP/1.1" 200 474
::1 - - [16/Mar/2021:19:44:30 +0800] "GET /favicon.ico HTTP/1.1" 404 196
::1 - - [16/Mar/2021:21:05:31 +0800] "GET / HTTP/1.1" 200 4026
::1 - - [16/Mar/2021:21:05:31 +0800] "GET /favicon.ico HTTP/1.1" 404 196
::1 - - [16/Mar/2021:21:05:42 +0800] "GET /test.php HTTP/1.1" 404 196
::1 - - [16/Mar/2021:21:06:02 +0800] "GET /test.php HTTP/1.1" 404 196
::1 - - [16/Mar/2021:21:07:02 +0800] "-" 408 -
::1 - - [16/Mar/2021:21:11:44 +0800] "GET /test.php HTTP/1.1" 200 20
::1 - - [16/Mar/2021:21:11:59 +0800] "GET /lara/test.php HTTP/1.1" 200 20
::1 - - [16/Mar/2021:21:12:59 +0800] "-" 408 -
::1 - - [16/Mar/2021:21:20:40 +0800] "GET /test.php HTTP/1.1" 404 196
::1 - - [16/Mar/2021:21:25:05 +0800] "GET / HTTP/1.1" 200 4026
::1 - - [16/Mar/2021:21:25:05 +0800] "GET /favicon.ico HTTP/1.1" 404 196
::1 - - [16/Mar/2021:21:26:10 +0800] "GET / HTTP/1.1" 200 4026
127.0.0.1 - - [16/Mar/2021:21:27:10 +0800] "-" 408 -
127.0.0.1 - - [16/Mar/2021:21:27:10 +0800] "-" 408 -
::1 - - [16/Mar/2021:21:28:43 +0800] "GET /phpMyAdmin HTTP/1.1" 301 239
::1 - - [16/Mar/2021:21:28:43 +0800] "GET /phpMyAdmin/ HTTP/1.1" 200 3637
::1 - - [16/Mar/2021:21:28:43 +0800] "GET /phpMyAdmin/themes/pmahomme/jquery/jquery-ui.css HTTP/1.1" 200 36566
::1 - - [16/Mar/2021:21:28:43 +0800] "GET /phpMyAdmin/js/vendor/codemirror/lib/codemirror.css?v=4.9.1 HTTP/1.1" 200 8705
::1 - - [16/Mar/2021:21:28:43 +0800] "GET /phpMyAdmin/js/vendor/codemirror/addon/hint/show-hint.css?v=4.9.1 HTTP/1.1" 200 623
::1 - - [16/Mar/2021:21:28:43 +0800] "GET /phpMyAdmin/js/vendor/codemirror/addon/lint/lint.css?v=4.9.1 HTTP/1.1" 200 2999
::1 - - [16/Mar/2021:21:28:43 +0800] "GET /phpMyAdmin/js/vendor/jquery/jquery.min.js?v=4.9.1 HTTP/1.1" 200 88145
::1 - - [16/Mar/2021:21:28:43 +0800] "GET /phpMyAdmin/js/vendor/jquery/jquery-migrate.js?v=4.9.1 HTTP/1.1" 200 19092
::1 - - [16/Mar/2021:21:28:43 +0800] "GET /phpMyAdmin/js/vendor/sprintf.js?v=4.9.1 HTTP/1.1" 200 7387
::1 - - [16/Mar/2021:21:28:43 +0800] "GET /phpMyAdmin/js/ajax.js?v=4.9.1 HTTP/1.1" 200 31246
::1 - - [16/Mar/2021:21:28:43 +0800] "GET /phpMyAdmin/js/keyhandler.js?v=4.9.1 HTTP/1.1" 200 3333
::1 - - [16/Mar/2021:21:28:43 +0800] "GET /phpMyAdmin/js/vendor/jquery/jquery-ui.min.js?v=4.9.1 HTTP/1.1" 200 253681
::1 - - [16/Mar/2021:21:28:43 +0800] "GET /phpMyAdmin/js/vendor/js.cookie.js?v=4.9.1 HTTP/1.1" 200 3883
::1 - - [16/Mar/2021:21:28:43 +0800] "GET /phpMyAdmin/js/vendor/jquery/jquery.mousewheel.js?v=4.9.1 HTTP/1.1" 200 8267
::1 - - [16/Mar/2021:21:28:43 +0800] "GET /phpMyAdmin/js/vendor/jquery/jquery.event.drag-2.2.js?v=4.9.1 HTTP/1.1" 200 12826
::1 - - [16/Mar/2021:21:28:43 +0800] "GET /phpMyAdmin/js/vendor/jquery/jquery.validate.js?v=4.9.1 HTTP/1.1" 200 50690
::1 - - [16/Mar/2021:21:28:43 +0800] "GET /phpMyAdmin/js/vendor/jquery/jquery-ui-timepicker-addon.js?v=4.9.1 HTTP/1.1" 200 78475
::1 - - [16/Mar/2021:21:28:43 +0800] "GET /phpMyAdmin/js/vendor/jquery/jquery.ba-hashchange-1.3.js?v=4.9.1 HTTP/1.1" 200 16522
::1 - - [16/Mar/2021:21:28:43 +0800] "GET /phpMyAdmin/js/vendor/jquery/jquery.debounce-1.0.5.js?v=4.9.1 HTTP/1.1" 200 1169
::1 - - [16/Mar/2021:21:28:43 +0800] "GET /phpMyAdmin/js/menu-resizer.js?v=4.9.1 HTTP/1.1" 200 8318
::1 - - [16/Mar/2021:21:28:43 +0800] "GET /phpMyAdmin/js/cross_framing_protection.js?v=4.9.1 HTTP/1.1" 200 471
::1 - - [16/Mar/2021:21:28:43 +0800] "GET /phpMyAdmin/js/rte.js?v=4.9.1 HTTP/1.1" 200 47688
::1 - - [16/Mar/2021:21:28:43 +0800] "GET /phpMyAdmin/js/vendor/tracekit.js?v=4.9.1 HTTP/1.1" 200 45389
::1 - - [16/Mar/2021:21:28:43 +0800] "GET /phpMyAdmin/js/error_report.js?v=4.9.1 HTTP/1.1" 200 10837
::1 - - [16/Mar/2021:21:28:43 +0800] "GET /phpMyAdmin/js/doclinks.js?v=4.9.1 HTTP/1.1" 200 20643
::1 - - [16/Mar/2021:21:28:43 +0800] "GET /phpMyAdmin/js/config.js?v=4.9.1 HTTP/1.1" 200 27526
::1 - - [16/Mar/2021:21:28:43 +0800] "GET /phpMyAdmin/js/indexes.js?v=4.9.1 HTTP/1.1" 200 27654
::1 - - [16/Mar/2021:21:28:43 +0800] "GET /phpMyAdmin/js/navigation.js?v=4.9.1 HTTP/1.1" 200 60012
::1 - - [16/Mar/2021:21:28:43 +0800] "GET /phpMyAdmin/js/functions.js?v=4.9.1 HTTP/1.1" 200 175177
::1 - - [16/Mar/2021:21:28:43 +0800] "GET /phpMyAdmin/js/common.js?v=4.9.1 HTTP/1.1" 200 19196
::1 - - [16/Mar/2021:21:28:43 +0800] "GET /phpMyAdmin/js/page_settings.js?v=4.9.1 HTTP/1.1" 200 1749
::1 - - [16/Mar/2021:21:28:43 +0800] "GET /phpMyAdmin/js/shortcuts_handler.js?v=4.9.1 HTTP/1.1" 200 3264
::1 - - [16/Mar/2021:21:28:43 +0800] "GET /phpMyAdmin/js/vendor/codemirror/mode/sql/sql.js?v=4.9.1 HTTP/1.1" 200 47451
::1 - - [16/Mar/2021:21:28:43 +0800] "GET /phpMyAdmin/js/vendor/codemirror/addon/runmode/runmode.js?v=4.9.1 HTTP/1.1" 200 2500
::1 - - [16/Mar/2021:21:28:43 +0800] "GET /phpMyAdmin/js/vendor/codemirror/lib/codemirror.js?v=4.9.1 HTTP/1.1" 200 395660
::1 - - [16/Mar/2021:21:28:43 +0800] "GET /phpMyAdmin/js/vendor/codemirror/addon/hint/show-hint.js?v=4.9.1 HTTP/1.1" 200 17378
::1 - - [16/Mar/2021:21:28:43 +0800] "GET /phpMyAdmin/js/vendor/codemirror/addon/hint/sql-hint.js?v=4.9.1 HTTP/1.1" 200 9599
::1 - - [16/Mar/2021:21:28:43 +0800] "GET /phpMyAdmin/js/vendor/codemirror/addon/lint/lint.js?v=4.9.1 HTTP/1.1" 200 8610
::1 - - [16/Mar/2021:21:28:43 +0800] "GET /phpMyAdmin/js/codemirror/addon/lint/sql-lint.js?v=4.9.1 HTTP/1.1" 200 1048
::1 - - [16/Mar/2021:21:28:43 +0800] "GET /phpMyAdmin/js/console.js?v=4.9.1 HTTP/1.1" 200 57280
::1 - - [16/Mar/2021:21:28:43 +0800] "GET /phpMyAdmin/js/messages.php?l=zh_CN&v=4.9.1&lang=zh_CN HTTP/1.1" 200 9734
::1 - - [16/Mar/2021:21:28:43 +0800] "GET /phpMyAdmin/phpmyadmin.css.php?nocache=3138076487ltr&server=1 HTTP/1.1" 200 20812
::1 - - [16/Mar/2021:21:28:43 +0800] "GET /phpMyAdmin/themes/pmahomme/img/logo_right.png HTTP/1.1" 200 4306
::1 - - [16/Mar/2021:21:28:43 +0800] "GET /phpMyAdmin/themes/dot.gif HTTP/1.1" 200 43
::1 - - [16/Mar/2021:21:28:43 +0800] "GET /phpMyAdmin/js/whitelist.php?v=4.9.1&lang=zh_CN HTTP/1.1" 200 491
::1 - - [16/Mar/2021:21:28:43 +0800] "GET /phpMyAdmin/themes/pmahomme/css/printview.css?v=4.9.1 HTTP/1.1" 200 2746
::1 - - [16/Mar/2021:21:28:44 +0800] "GET /phpMyAdmin/themes/pmahomme/img/b_help.png HTTP/1.1" 200 705
::1 - - [16/Mar/2021:21:28:44 +0800] "GET /phpMyAdmin/favicon.ico HTTP/1.1" 200 22486
::1 - - [16/Mar/2021:21:28:51 +0800] "POST /phpMyAdmin/index.php HTTP/1.1" 302 20
::1 - - [16/Mar/2021:21:28:53 +0800] "GET /phpMyAdmin/index.php HTTP/1.1" 200 14676
::1 - - [16/Mar/2021:21:28:53 +0800] "GET /phpMyAdmin/js/whitelist.php?v=4.9.1 HTTP/1.1" 200 491
::1 - - [16/Mar/2021:21:28:53 +0800] "GET /phpMyAdmin/js/messages.php?l=zh_CN&v=4.9.1 HTTP/1.1" 200 9734
::1 - - [16/Mar/2021:21:28:53 +0800] "GET /phpMyAdmin/themes/pmahomme/img/logo_left.png HTTP/1.1" 200 2713
::1 - - [16/Mar/2021:21:28:53 +0800] "GET /phpMyAdmin/phpmyadmin.css.php?nocache=4753977820ltr&server=1 HTTP/1.1" 200 20812
::1 - - [16/Mar/2021:21:28:53 +0800] "GET /phpMyAdmin/themes/pmahomme/img/left_nav_bg.png HTTP/1.1" 200 146
::1 - - [16/Mar/2021:21:28:53 +0800] "GET /phpMyAdmin/themes/pmahomme/img/s_loggoff.png HTTP/1.1" 200 626
::1 - - [16/Mar/2021:21:28:53 +0800] "GET /phpMyAdmin/themes/pmahomme/img/b_home.png HTTP/1.1" 200 734
::1 - - [16/Mar/2021:21:28:53 +0800] "GET /phpMyAdmin/themes/pmahomme/img/b_docs.png HTTP/1.1" 200 705
::1 - - [16/Mar/2021:21:28:53 +0800] "GET /phpMyAdmin/themes/pmahomme/img/b_sqlhelp.png HTTP/1.1" 200 512
::1 - - [16/Mar/2021:21:28:53 +0800] "GET /phpMyAdmin/themes/pmahomme/img/s_cog.png HTTP/1.1" 200 442
::1 - - [16/Mar/2021:21:28:53 +0800] "GET /phpMyAdmin/themes/pmahomme/img/s_reload.png HTTP/1.1" 200 527
::1 - - [16/Mar/2021:21:28:53 +0800] "GET /phpMyAdmin/themes/pmahomme/img/s_link.png HTTP/1.1" 200 280
::1 - - [16/Mar/2021:21:28:53 +0800] "GET /phpMyAdmin/themes/pmahomme/img/b_newdb.png HTTP/1.1" 200 585
::1 - - [16/Mar/2021:21:28:53 +0800] "GET /phpMyAdmin/themes/pmahomme/img/s_db.png HTTP/1.1" 200 328
::1 - - [16/Mar/2021:21:28:53 +0800] "GET /phpMyAdmin/themes/pmahomme/img/b_plus.png HTTP/1.1" 200 143
::1 - - [16/Mar/2021:21:28:53 +0800] "GET /phpMyAdmin/themes/pmahomme/img/s_host.png HTTP/1.1" 200 591
::1 - - [16/Mar/2021:21:28:53 +0800] "GET /phpMyAdmin/themes/pmahomme/img/b_sql.png HTTP/1.1" 200 680
::1 - - [16/Mar/2021:21:28:53 +0800] "GET /phpMyAdmin/themes/pmahomme/img/s_status.png HTTP/1.1" 200 600
::1 - - [16/Mar/2021:21:28:53 +0800] "GET /phpMyAdmin/themes/pmahomme/img/s_rights.png HTTP/1.1" 200 461
::1 - - [16/Mar/2021:21:28:53 +0800] "GET /phpMyAdmin/themes/pmahomme/img/b_export.png HTTP/1.1" 200 514
::1 - - [16/Mar/2021:21:28:53 +0800] "GET /phpMyAdmin/themes/pmahomme/img/b_import.png HTTP/1.1" 200 556
::1 - - [16/Mar/2021:21:28:53 +0800] "GET /phpMyAdmin/themes/pmahomme/img/b_tblops.png HTTP/1.1" 200 537
::1 - - [16/Mar/2021:21:28:53 +0800] "GET /phpMyAdmin/themes/pmahomme/img/s_tbl.png HTTP/1.1" 200 645
::1 - - [16/Mar/2021:21:28:53 +0800] "GET /phpMyAdmin/themes/pmahomme/img/s_replication.png HTTP/1.1" 200 399
::1 - - [16/Mar/2021:21:28:53 +0800] "GET /phpMyAdmin/themes/pmahomme/img/s_vars.png HTTP/1.1" 200 523
::1 - - [16/Mar/2021:21:28:53 +0800] "GET /phpMyAdmin/themes/pmahomme/img/s_asci.png HTTP/1.1" 200 148
::1 - - [16/Mar/2021:21:28:53 +0800] "GET /phpMyAdmin/themes/pmahomme/img/b_engine.png HTTP/1.1" 200 398
::1 - - [16/Mar/2021:21:28:53 +0800] "GET /phpMyAdmin/themes/pmahomme/img/b_plugin.png HTTP/1.1" 200 512
::1 - - [16/Mar/2021:21:28:53 +0800] "GET /phpMyAdmin/themes/pmahomme/img/s_top.png HTTP/1.1" 200 220
::1 - - [16/Mar/2021:21:28:53 +0800] "GET /phpMyAdmin/themes/pmahomme/img/console.png HTTP/1.1" 200 292
::1 - - [16/Mar/2021:21:28:53 +0800] "GET /phpMyAdmin/themes/pmahomme/img/s_passwd.png HTTP/1.1" 200 331
::1 - - [16/Mar/2021:21:28:53 +0800] "GET /phpMyAdmin/themes/pmahomme/img/s_lang.png HTTP/1.1" 200 659
::1 - - [16/Mar/2021:21:28:53 +0800] "GET /phpMyAdmin/themes/pmahomme/img/s_theme.png HTTP/1.1" 200 772
::1 - - [16/Mar/2021:21:28:53 +0800] "GET /phpMyAdmin/themes/pmahomme/img/s_notice.png HTTP/1.1" 200 567
::1 - - [16/Mar/2021:21:28:53 +0800] "GET /phpMyAdmin/themes/pmahomme/img/window-new.png HTTP/1.1" 200 468
::1 - - [16/Mar/2021:21:28:53 +0800] "GET /phpMyAdmin/themes/pmahomme/img/s_error.png HTTP/1.1" 200 614
::1 - - [16/Mar/2021:21:28:54 +0800] "POST /phpMyAdmin/navigation.php?ajax_request=1 HTTP/1.1" 200 2214
::1 - - [16/Mar/2021:21:28:54 +0800] "POST /phpMyAdmin/ajax.php HTTP/1.1" 200 1601
::1 - - [16/Mar/2021:21:28:54 +0800] "GET /phpMyAdmin/themes/pmahomme/img/b_more.png HTTP/1.1" 200 111
::1 - - [16/Mar/2021:21:28:54 +0800] "POST /phpMyAdmin/ajax.php HTTP/1.1" 200 1497
::1 - - [16/Mar/2021:21:28:54 +0800] "POST /phpMyAdmin/version_check.php HTTP/1.1" 200 28
::1 - - [16/Mar/2021:21:29:00 +0800] "GET /phpMyAdmin/server_databases.php?ajax_request=true&ajax_page_request=true&_nocache=1615901340298628770&token=65754d563a4938454d2e415a4a3b5570 HTTP/1.1" 200 7412
::1 - - [16/Mar/2021:21:29:00 +0800] "GET /phpMyAdmin/themes/pmahomme/img/s_asc.png HTTP/1.1" 200 146
::1 - - [16/Mar/2021:21:29:00 +0800] "GET /phpMyAdmin/themes/pmahomme/img/s_success.png HTTP/1.1" 200 465
::1 - - [16/Mar/2021:21:29:00 +0800] "GET /phpMyAdmin/themes/pmahomme/img/b_deltbl.png HTTP/1.1" 200 577
::1 - - [16/Mar/2021:21:29:00 +0800] "GET /phpMyAdmin/js/server_databases.js?v=4.9.1 HTTP/1.1" 200 5692
::1 - - [16/Mar/2021:21:29:00 +0800] "GET /phpMyAdmin/themes/pmahomme/img/arrow_ltr.png HTTP/1.1" 200 101
::1 - - [16/Mar/2021:21:29:02 +0800] "GET /phpMyAdmin/server_sql.php?ajax_request=true&ajax_page_request=true&_nocache=1615901342056556212&token=65754d563a4938454d2e415a4a3b5570 HTTP/1.1" 200 4495
::1 - - [16/Mar/2021:21:29:02 +0800] "GET /phpMyAdmin/js/vendor/jquery/jquery.uitablefilter.js?v=4.9.1 HTTP/1.1" 200 3479
::1 - - [16/Mar/2021:21:29:02 +0800] "GET /phpMyAdmin/js/sql.js?v=4.9.1 HTTP/1.1" 200 38441
::1 - - [16/Mar/2021:21:29:02 +0800] "GET /phpMyAdmin/js/makegrid.js?v=4.9.1 HTTP/1.1" 200 98729
::1 - - [16/Mar/2021:21:29:03 +0800] "GET /phpMyAdmin/server_status.php?ajax_request=true&ajax_page_request=true&_nocache=161590134300130518&token=65754d563a4938454d2e415a4a3b5570 HTTP/1.1" 200 2437
::1 - - [16/Mar/2021:21:29:04 +0800] "GET /phpMyAdmin/server_databases.php?ajax_request=true&ajax_page_request=true&_nocache=1615901344141804085&token=65754d563a4938454d2e415a4a3b5570 HTTP/1.1" 200 7412
::1 - - [16/Mar/2021:21:29:04 +0800] "GET /phpMyAdmin/server_privileges.php?viewing_mode=server&ajax_request=true&ajax_page_request=true&_nocache=1615901344781860455&token=65754d563a4938454d2e415a4a3b5570 HTTP/1.1" 200 3162
::1 - - [16/Mar/2021:21:29:04 +0800] "GET /phpMyAdmin/themes/pmahomme/img/b_tblexport.png HTTP/1.1" 200 514
::1 - - [16/Mar/2021:21:29:04 +0800] "GET /phpMyAdmin/themes/pmahomme/img/b_usredit.png HTTP/1.1" 200 757
::1 - - [16/Mar/2021:21:29:04 +0800] "GET /phpMyAdmin/themes/pmahomme/img/b_usradd.png HTTP/1.1" 200 670
::1 - - [16/Mar/2021:21:29:04 +0800] "GET /phpMyAdmin/themes/pmahomme/img/b_usrdrop.png HTTP/1.1" 200 697
::1 - - [16/Mar/2021:21:29:04 +0800] "GET /phpMyAdmin/js/server_privileges.js?v=4.9.1 HTTP/1.1" 200 18843
::1 - - [16/Mar/2021:21:29:04 +0800] "GET /phpMyAdmin/js/vendor/zxcvbn.js?v=4.9.1 HTTP/1.1" 200 821676
::1 - - [16/Mar/2021:21:29:07 +0800] "GET /phpMyAdmin/server_export.php?ajax_request=true&ajax_page_request=true&_nocache=1615901347677135746&token=65754d563a4938454d2e415a4a3b5570 HTTP/1.1" 200 13014
::1 - - [16/Mar/2021:21:29:08 +0800] "GET /phpMyAdmin/js/export.js?v=4.9.1 HTTP/1.1" 200 35062
::1 - - [16/Mar/2021:21:29:08 +0800] "GET /phpMyAdmin/server_import.php?ajax_request=true&ajax_page_request=true&_nocache=1615901348926619911&token=65754d563a4938454d2e415a4a3b5570 HTTP/1.1" 200 6889
::1 - - [16/Mar/2021:21:29:09 +0800] "GET /phpMyAdmin/js/import.js?v=4.9.1 HTTP/1.1" 200 5640
::1 - - [16/Mar/2021:21:29:09 +0800] "GET /phpMyAdmin/themes/pmahomme/img/ajax_clock_small.gif HTTP/1.1" 200 1810
::1 - - [16/Mar/2021:21:29:55 +0800] "GET /phpMyAdmin/server_plugins.php?ajax_request=true&ajax_page_request=true&_nocache=1615901395585433666&token=65754d563a4938454d2e415a4a3b5570 HTTP/1.1" 200 3238
::1 - - [16/Mar/2021:21:29:55 +0800] "GET /phpMyAdmin/js/server_plugins.js?v=4.9.1 HTTP/1.1" 200 495
::1 - - [16/Mar/2021:21:29:55 +0800] "GET /phpMyAdmin/js/vendor/jquery/jquery.tablesorter.js?v=4.9.1 HTTP/1.1" 200 40102
::1 - - [16/Mar/2021:21:29:56 +0800] "GET /phpMyAdmin/server_databases.php?ajax_request=true&ajax_page_request=true&_nocache=1615901396877231062&token=65754d563a4938454d2e415a4a3b5570 HTTP/1.1" 200 7412
::1 - - [17/Mar/2021:10:58:15 +0800] "GET / HTTP/1.1" 200 4026
::1 - - [17/Mar/2021:10:58:15 +0800] "GET /favicon.ico HTTP/1.1" 404 196
::1 - - [17/Mar/2021:10:58:33 +0800] "GET /phpmyadmin HTTP/1.1" 301 239
::1 - - [17/Mar/2021:10:58:33 +0800] "GET /phpmyadmin/ HTTP/1.1" 200 3619
::1 - - [17/Mar/2021:10:58:33 +0800] "GET /phpmyadmin/js/vendor/codemirror/lib/codemirror.css?v=4.9.1 HTTP/1.1" 200 8705
::1 - - [17/Mar/2021:10:58:33 +0800] "GET /phpmyadmin/themes/pmahomme/jquery/jquery-ui.css HTTP/1.1" 200 36566
::1 - - [17/Mar/2021:10:58:33 +0800] "GET /phpmyadmin/js/vendor/codemirror/addon/hint/show-hint.css?v=4.9.1 HTTP/1.1" 200 623
::1 - - [17/Mar/2021:10:58:33 +0800] "GET /phpmyadmin/js/vendor/codemirror/addon/lint/lint.css?v=4.9.1 HTTP/1.1" 200 2999
::1 - - [17/Mar/2021:10:58:33 +0800] "GET /phpmyadmin/js/vendor/jquery/jquery.min.js?v=4.9.1 HTTP/1.1" 200 88145
::1 - - [17/Mar/2021:10:58:33 +0800] "GET /phpmyadmin/js/vendor/jquery/jquery-migrate.js?v=4.9.1 HTTP/1.1" 200 19092
::1 - - [17/Mar/2021:10:58:33 +0800] "GET /phpmyadmin/js/vendor/sprintf.js?v=4.9.1 HTTP/1.1" 200 7387
::1 - - [17/Mar/2021:10:58:33 +0800] "GET /phpmyadmin/js/ajax.js?v=4.9.1 HTTP/1.1" 200 31246
::1 - - [17/Mar/2021:10:58:33 +0800] "GET /phpmyadmin/js/keyhandler.js?v=4.9.1 HTTP/1.1" 200 3333
::1 - - [17/Mar/2021:10:58:33 +0800] "GET /phpmyadmin/js/vendor/jquery/jquery-ui.min.js?v=4.9.1 HTTP/1.1" 200 253681
::1 - - [17/Mar/2021:10:58:33 +0800] "GET /phpmyadmin/js/vendor/js.cookie.js?v=4.9.1 HTTP/1.1" 200 3883
::1 - - [17/Mar/2021:10:58:33 +0800] "GET /phpmyadmin/js/vendor/jquery/jquery.mousewheel.js?v=4.9.1 HTTP/1.1" 200 8267
::1 - - [17/Mar/2021:10:58:33 +0800] "GET /phpmyadmin/js/vendor/jquery/jquery.event.drag-2.2.js?v=4.9.1 HTTP/1.1" 200 12826
::1 - - [17/Mar/2021:10:58:33 +0800] "GET /phpmyadmin/js/vendor/jquery/jquery.validate.js?v=4.9.1 HTTP/1.1" 200 50690
::1 - - [17/Mar/2021:10:58:33 +0800] "GET /phpmyadmin/js/vendor/jquery/jquery.ba-hashchange-1.3.js?v=4.9.1 HTTP/1.1" 200 16522
::1 - - [17/Mar/2021:10:58:33 +0800] "GET /phpmyadmin/js/vendor/jquery/jquery-ui-timepicker-addon.js?v=4.9.1 HTTP/1.1" 200 78475
::1 - - [17/Mar/2021:10:58:33 +0800] "GET /phpmyadmin/js/vendor/jquery/jquery.debounce-1.0.5.js?v=4.9.1 HTTP/1.1" 200 1169
::1 - - [17/Mar/2021:10:58:33 +0800] "GET /phpmyadmin/js/menu-resizer.js?v=4.9.1 HTTP/1.1" 200 8318
::1 - - [17/Mar/2021:10:58:33 +0800] "GET /phpmyadmin/js/cross_framing_protection.js?v=4.9.1 HTTP/1.1" 200 471
::1 - - [17/Mar/2021:10:58:33 +0800] "GET /phpmyadmin/js/rte.js?v=4.9.1 HTTP/1.1" 200 47688
::1 - - [17/Mar/2021:10:58:33 +0800] "GET /phpmyadmin/js/vendor/tracekit.js?v=4.9.1 HTTP/1.1" 200 45389
::1 - - [17/Mar/2021:10:58:33 +0800] "GET /phpmyadmin/js/error_report.js?v=4.9.1 HTTP/1.1" 200 10837
::1 - - [17/Mar/2021:10:58:33 +0800] "GET /phpmyadmin/js/config.js?v=4.9.1 HTTP/1.1" 200 27526
::1 - - [17/Mar/2021:10:58:33 +0800] "GET /phpmyadmin/js/doclinks.js?v=4.9.1 HTTP/1.1" 200 20643
::1 - - [17/Mar/2021:10:58:33 +0800] "GET /phpmyadmin/js/navigation.js?v=4.9.1 HTTP/1.1" 200 60012
::1 - - [17/Mar/2021:10:58:33 +0800] "GET /phpmyadmin/js/functions.js?v=4.9.1 HTTP/1.1" 200 175177
::1 - - [17/Mar/2021:10:58:33 +0800] "GET /phpmyadmin/js/indexes.js?v=4.9.1 HTTP/1.1" 200 27654
::1 - - [17/Mar/2021:10:58:33 +0800] "GET /phpmyadmin/js/common.js?v=4.9.1 HTTP/1.1" 200 19196
::1 - - [17/Mar/2021:10:58:33 +0800] "GET /phpmyadmin/js/page_settings.js?v=4.9.1 HTTP/1.1" 200 1749
::1 - - [17/Mar/2021:10:58:33 +0800] "GET /phpmyadmin/js/shortcuts_handler.js?v=4.9.1 HTTP/1.1" 200 3264
::1 - - [17/Mar/2021:10:58:33 +0800] "GET /phpmyadmin/js/vendor/codemirror/lib/codemirror.js?v=4.9.1 HTTP/1.1" 200 395660
::1 - - [17/Mar/2021:10:58:33 +0800] "GET /phpmyadmin/js/vendor/codemirror/mode/sql/sql.js?v=4.9.1 HTTP/1.1" 200 47451
::1 - - [17/Mar/2021:10:58:33 +0800] "GET /phpmyadmin/js/vendor/codemirror/addon/runmode/runmode.js?v=4.9.1 HTTP/1.1" 200 2500
::1 - - [17/Mar/2021:10:58:33 +0800] "GET /phpmyadmin/js/vendor/codemirror/addon/hint/show-hint.js?v=4.9.1 HTTP/1.1" 200 17378
::1 - - [17/Mar/2021:10:58:33 +0800] "GET /phpmyadmin/js/vendor/codemirror/addon/lint/lint.js?v=4.9.1 HTTP/1.1" 200 8610
::1 - - [17/Mar/2021:10:58:33 +0800] "GET /phpmyadmin/js/vendor/codemirror/addon/hint/sql-hint.js?v=4.9.1 HTTP/1.1" 200 9599
::1 - - [17/Mar/2021:10:58:33 +0800] "GET /phpmyadmin/js/codemirror/addon/lint/sql-lint.js?v=4.9.1 HTTP/1.1" 200 1048
::1 - - [17/Mar/2021:10:58:33 +0800] "GET /phpmyadmin/js/console.js?v=4.9.1 HTTP/1.1" 200 57280
::1 - - [17/Mar/2021:10:58:33 +0800] "GET /phpmyadmin/js/messages.php?l=zh_CN&v=4.9.1 HTTP/1.1" 200 9734
::1 - - [17/Mar/2021:10:58:33 +0800] "GET /phpmyadmin/phpmyadmin.css.php?nocache=3138076487ltr&server=1 HTTP/1.1" 200 20812
::1 - - [17/Mar/2021:10:58:33 +0800] "GET /phpmyadmin/themes/pmahomme/img/logo_right.png HTTP/1.1" 200 4306
::1 - - [17/Mar/2021:10:58:33 +0800] "GET /phpmyadmin/themes/dot.gif HTTP/1.1" 200 43
::1 - - [17/Mar/2021:10:58:33 +0800] "GET /phpmyadmin/js/whitelist.php?v=4.9.1 HTTP/1.1" 200 491
::1 - - [17/Mar/2021:10:58:33 +0800] "GET /phpmyadmin/themes/pmahomme/css/printview.css?v=4.9.1 HTTP/1.1" 200 2746
::1 - - [17/Mar/2021:10:58:33 +0800] "GET /phpmyadmin/themes/pmahomme/img/b_help.png HTTP/1.1" 200 705
::1 - - [17/Mar/2021:10:58:33 +0800] "GET /phpmyadmin/favicon.ico HTTP/1.1" 200 22486
::1 - - [17/Mar/2021:10:58:35 +0800] "POST /phpmyadmin/index.php HTTP/1.1" 302 20
::1 - - [17/Mar/2021:10:58:35 +0800] "GET /phpmyadmin/index.php HTTP/1.1" 200 14676
::1 - - [17/Mar/2021:10:58:35 +0800] "GET /phpmyadmin/themes/pmahomme/img/logo_left.png HTTP/1.1" 200 2713
::1 - - [17/Mar/2021:10:58:35 +0800] "GET /phpmyadmin/phpmyadmin.css.php?nocache=4754026402ltr&server=1 HTTP/1.1" 200 20812
::1 - - [17/Mar/2021:10:58:35 +0800] "GET /phpmyadmin/themes/pmahomme/img/left_nav_bg.png HTTP/1.1" 200 146
::1 - - [17/Mar/2021:10:58:35 +0800] "GET /phpmyadmin/themes/pmahomme/img/s_loggoff.png HTTP/1.1" 200 626
::1 - - [17/Mar/2021:10:58:35 +0800] "GET /phpmyadmin/themes/pmahomme/img/b_home.png HTTP/1.1" 200 734
::1 - - [17/Mar/2021:10:58:35 +0800] "GET /phpmyadmin/themes/pmahomme/img/b_sqlhelp.png HTTP/1.1" 200 512
::1 - - [17/Mar/2021:10:58:35 +0800] "GET /phpmyadmin/themes/pmahomme/img/b_docs.png HTTP/1.1" 200 705
::1 - - [17/Mar/2021:10:58:35 +0800] "GET /phpmyadmin/themes/pmahomme/img/s_cog.png HTTP/1.1" 200 442
::1 - - [17/Mar/2021:10:58:35 +0800] "GET /phpmyadmin/themes/pmahomme/img/s_reload.png HTTP/1.1" 200 527
::1 - - [17/Mar/2021:10:58:35 +0800] "GET /phpmyadmin/themes/pmahomme/img/s_link.png HTTP/1.1" 200 280
::1 - - [17/Mar/2021:10:58:35 +0800] "GET /phpmyadmin/themes/pmahomme/img/b_plus.png HTTP/1.1" 200 143
::1 - - [17/Mar/2021:10:58:35 +0800] "GET /phpmyadmin/themes/pmahomme/img/s_db.png HTTP/1.1" 200 328
::1 - - [17/Mar/2021:10:58:35 +0800] "GET /phpmyadmin/themes/pmahomme/img/b_newdb.png HTTP/1.1" 200 585
::1 - - [17/Mar/2021:10:58:35 +0800] "GET /phpmyadmin/themes/pmahomme/img/b_sql.png HTTP/1.1" 200 680
::1 - - [17/Mar/2021:10:58:35 +0800] "GET /phpmyadmin/themes/pmahomme/img/s_host.png HTTP/1.1" 200 591
::1 - - [17/Mar/2021:10:58:35 +0800] "GET /phpmyadmin/themes/pmahomme/img/s_status.png HTTP/1.1" 200 600
::1 - - [17/Mar/2021:10:58:35 +0800] "GET /phpmyadmin/themes/pmahomme/img/s_rights.png HTTP/1.1" 200 461
::1 - - [17/Mar/2021:10:58:35 +0800] "GET /phpmyadmin/themes/pmahomme/img/b_export.png HTTP/1.1" 200 514
::1 - - [17/Mar/2021:10:58:35 +0800] "GET /phpmyadmin/themes/pmahomme/img/b_import.png HTTP/1.1" 200 556
::1 - - [17/Mar/2021:10:58:35 +0800] "GET /phpmyadmin/themes/pmahomme/img/b_tblops.png HTTP/1.1" 200 537
::1 - - [17/Mar/2021:10:58:35 +0800] "GET /phpmyadmin/themes/pmahomme/img/s_tbl.png HTTP/1.1" 200 645
::1 - - [17/Mar/2021:10:58:35 +0800] "GET /phpmyadmin/themes/pmahomme/img/s_replication.png HTTP/1.1" 200 399
::1 - - [17/Mar/2021:10:58:35 +0800] "GET /phpmyadmin/themes/pmahomme/img/s_vars.png HTTP/1.1" 200 523
::1 - - [17/Mar/2021:10:58:35 +0800] "GET /phpmyadmin/themes/pmahomme/img/s_asci.png HTTP/1.1" 200 148
::1 - - [17/Mar/2021:10:58:35 +0800] "GET /phpmyadmin/themes/pmahomme/img/b_engine.png HTTP/1.1" 200 398
::1 - - [17/Mar/2021:10:58:35 +0800] "GET /phpmyadmin/themes/pmahomme/img/b_plugin.png HTTP/1.1" 200 512
::1 - - [17/Mar/2021:10:58:35 +0800] "GET /phpmyadmin/themes/pmahomme/img/s_top.png HTTP/1.1" 200 220
::1 - - [17/Mar/2021:10:58:35 +0800] "GET /phpmyadmin/themes/pmahomme/img/console.png HTTP/1.1" 200 292
::1 - - [17/Mar/2021:10:58:35 +0800] "GET /phpmyadmin/themes/pmahomme/img/s_passwd.png HTTP/1.1" 200 331
::1 - - [17/Mar/2021:10:58:35 +0800] "GET /phpmyadmin/themes/pmahomme/img/s_lang.png HTTP/1.1" 200 659
::1 - - [17/Mar/2021:10:58:35 +0800] "GET /phpmyadmin/themes/pmahomme/img/s_theme.png HTTP/1.1" 200 772
::1 - - [17/Mar/2021:10:58:35 +0800] "GET /phpmyadmin/themes/pmahomme/img/s_notice.png HTTP/1.1" 200 567
::1 - - [17/Mar/2021:10:58:35 +0800] "GET /phpmyadmin/themes/pmahomme/img/window-new.png HTTP/1.1" 200 468
::1 - - [17/Mar/2021:10:58:35 +0800] "GET /phpmyadmin/themes/pmahomme/img/s_error.png HTTP/1.1" 200 614
::1 - - [17/Mar/2021:10:58:35 +0800] "POST /phpmyadmin/ajax.php HTTP/1.1" 200 1511
::1 - - [17/Mar/2021:10:58:36 +0800] "GET /phpmyadmin/themes/pmahomme/img/b_more.png HTTP/1.1" 200 111
::1 - - [17/Mar/2021:10:58:36 +0800] "POST /phpmyadmin/navigation.php?ajax_request=1 HTTP/1.1" 200 2219
::1 - - [17/Mar/2021:10:58:36 +0800] "POST /phpmyadmin/ajax.php HTTP/1.1" 200 1606
::1 - - [17/Mar/2021:10:58:36 +0800] "POST /phpmyadmin/ajax.php HTTP/1.1" 200 1501
::1 - - [17/Mar/2021:10:58:36 +0800] "POST /phpmyadmin/version_check.php HTTP/1.1" 200 28
::1 - - [17/Mar/2021:10:58:41 +0800] "GET /phpmyadmin/doc/html/setup.html HTTP/1.1" 200 121361
::1 - - [17/Mar/2021:10:58:41 +0800] "GET /phpmyadmin/doc/html/_static/classic.css HTTP/1.1" 200 4146
::1 - - [17/Mar/2021:10:58:41 +0800] "GET /phpmyadmin/doc/html/_static/pygments.css HTTP/1.1" 200 4395
::1 - - [17/Mar/2021:10:58:41 +0800] "GET /phpmyadmin/doc/html/_static/doctools.js HTTP/1.1" 200 8166
::1 - - [17/Mar/2021:10:58:41 +0800] "GET /phpmyadmin/doc/html/_static/underscore.js HTTP/1.1" 200 52919
::1 - - [17/Mar/2021:10:58:41 +0800] "GET /phpmyadmin/doc/html/_static/jquery.js HTTP/1.1" 200 267246
::1 - - [17/Mar/2021:10:58:41 +0800] "GET /phpmyadmin/doc/html/_static/basic.css HTTP/1.1" 200 9740
::1 - - [17/Mar/2021:10:59:10 +0800] "GET /phpmyadmin/index.php HTTP/1.1" 200 14678
::1 - - [17/Mar/2021:10:59:10 +0800] "GET /phpmyadmin/phpmyadmin.css.php?nocache=4754026403ltr&server=1 HTTP/1.1" 200 20812
::1 - - [17/Mar/2021:10:59:10 +0800] "GET /phpmyadmin/favicon.ico HTTP/1.1" 200 22486
::1 - - [17/Mar/2021:10:59:10 +0800] "POST /phpmyadmin/ajax.php HTTP/1.1" 200 1511
::1 - - [17/Mar/2021:10:59:11 +0800] "POST /phpmyadmin/navigation.php?ajax_request=1 HTTP/1.1" 200 2219
::1 - - [17/Mar/2021:10:59:11 +0800] "POST /phpmyadmin/ajax.php HTTP/1.1" 200 1608
::1 - - [17/Mar/2021:10:59:11 +0800] "POST /phpmyadmin/ajax.php HTTP/1.1" 200 1501
::1 - - [17/Mar/2021:10:59:11 +0800] "POST /phpmyadmin/version_check.php HTTP/1.1" 200 28
::1 - - [17/Mar/2021:10:59:18 +0800] "GET /phpmyadmin/index.php HTTP/1.1" 200 3723
::1 - - [17/Mar/2021:10:59:22 +0800] "GET /phpmyadmin/favicon.ico HTTP/1.1" 200 22486
::1 - - [17/Mar/2021:10:59:32 +0800] "GET /phpmyadmin/index.php HTTP/1.1" 200 3622
::1 - - [17/Mar/2021:10:59:32 +0800] "GET /phpmyadmin/favicon.ico HTTP/1.1" 200 22486
::1 - - [17/Mar/2021:11:00:32 +0800] "-" 408 -
::1 - - [17/Mar/2021:11:26:35 +0800] "GET /Tutor/app/http/routes.php HTTP/1.1" 500 -
::1 - - [17/Mar/2021:11:26:42 +0800] "GET /Tutor/app/Http/routes.php HTTP/1.1" 500 -
::1 - - [17/Mar/2021:11:27:04 +0800] "GET /Tutor/app/Http/test1.php HTTP/1.1" 200 20
::1 - - [17/Mar/2021:11:27:04 +0800] "GET /favicon.ico HTTP/1.1" 404 196
::1 - - [17/Mar/2021:11:27:11 +0800] "GET /Tutor/app/Http/routes.php HTTP/1.1" 500 -
::1 - - [17/Mar/2021:11:28:11 +0800] "-" 408 -
::1 - - [17/Mar/2021:11:38:58 +0800] "GET /Tutor HTTP/1.1" 301 234
::1 - - [17/Mar/2021:11:38:58 +0800] "GET /Tutor/ HTTP/1.1" 200 1946
::1 - - [17/Mar/2021:11:38:58 +0800] "GET /icons/blank.gif HTTP/1.1" 200 148
::1 - - [17/Mar/2021:11:38:58 +0800] "GET /icons/back.gif HTTP/1.1" 200 216
::1 - - [17/Mar/2021:11:38:58 +0800] "GET /icons/folder.gif HTTP/1.1" 200 225
::1 - - [17/Mar/2021:11:38:58 +0800] "GET /icons/unknown.gif HTTP/1.1" 200 245
::1 - - [17/Mar/2021:11:39:16 +0800] "GET /Tutor/public/ HTTP/1.1" 500 -
::1 - - [17/Mar/2021:11:39:18 +0800] "GET /Tutor/public/ HTTP/1.1" 500 -
::1 - - [17/Mar/2021:11:39:24 +0800] "GET /Tutor/ HTTP/1.1" 200 1946
::1 - - [17/Mar/2021:11:39:29 +0800] "GET /Tutor/vendor/ HTTP/1.1" 200 2590
::1 - - [17/Mar/2021:11:39:31 +0800] "GET /Tutor/public/ HTTP/1.1" 500 -
::1 - - [17/Mar/2021:11:39:33 +0800] "GET /Tutor/app/ HTTP/1.1" 200 895
::1 - - [17/Mar/2021:11:39:35 +0800] "GET /Tutor/app/Http/ HTTP/1.1" 200 1128
::1 - - [17/Mar/2021:11:39:36 +0800] "GET /Tutor/app/Http/routes.php HTTP/1.1" 500 -
::1 - - [17/Mar/2021:11:39:46 +0800] "GET /Tutor/public/ HTTP/1.1" 500 -
::1 - - [17/Mar/2021:11:39:48 +0800] "GET /Tutor/public/ HTTP/1.1" 500 -
::1 - - [17/Mar/2021:11:39:50 +0800] "GET /Tutor/public/ HTTP/1.1" 500 -
::1 - - [17/Mar/2021:11:39:55 +0800] "GET /Tutor/public/index.php HTTP/1.1" 500 -
::1 - - [17/Mar/2021:11:40:00 +0800] "GET / HTTP/1.1" 200 4026
::1 - - [17/Mar/2021:11:41:00 +0800] "-" 408 -
::1 - - [17/Mar/2021:11:41:03 +0800] "GET /tutor/public HTTP/1.1" 301 241
::1 - - [17/Mar/2021:11:41:03 +0800] "GET /tutor/public/ HTTP/1.1" 500 -
::1 - - [17/Mar/2021:11:41:13 +0800] "GET / HTTP/1.1" 200 4026
::1 - - [17/Mar/2021:11:42:13 +0800] "GET /Tutor/public HTTP/1.1" 301 241
::1 - - [17/Mar/2021:11:42:13 +0800] "GET /Tutor/public/ HTTP/1.1" 500 -
::1 - - [17/Mar/2021:11:42:19 +0800] "GET /Tutor/public/index.php HTTP/1.1" 500 -
::1 - - [17/Mar/2021:11:43:19 +0800] "-" 408 -
::1 - - [17/Mar/2021:11:43:59 +0800] "GET /Tutor/public/index.php HTTP/1.1" 500 -
::1 - - [17/Mar/2021:11:44:03 +0800] "GET /Tutor/public/ HTTP/1.1" 500 -
::1 - - [17/Mar/2021:11:44:06 +0800] "GET /Tutor/public/ HTTP/1.1" 500 -
::1 - - [17/Mar/2021:11:44:10 +0800] "GET /Tutor/ HTTP/1.1" 200 1946
::1 - - [17/Mar/2021:11:44:12 +0800] "GET /Tutor/public/ HTTP/1.1" 500 -
::1 - - [17/Mar/2021:11:44:15 +0800] "GET /Tutor/test.php HTTP/1.1" 200 20
::1 - - [17/Mar/2021:11:44:16 +0800] "GET /Tutor/vendor/ HTTP/1.1" 200 2590
::1 - - [17/Mar/2021:11:44:19 +0800] "GET /Tutor/public/ HTTP/1.1" 500 -
::1 - - [17/Mar/2021:11:44:33 +0800] "GET /Tutor/public/ HTTP/1.1" 500 -
::1 - - [17/Mar/2021:11:44:35 +0800] "GET /Tutor/public/ HTTP/1.1" 500 -
::1 - - [17/Mar/2021:11:44:39 +0800] "GET /Tutor/app/ HTTP/1.1" 200 895
::1 - - [17/Mar/2021:11:44:40 +0800] "GET /Tutor/app/Http/ HTTP/1.1" 200 1128
::1 - - [17/Mar/2021:11:44:41 +0800] "GET /Tutor/app/Http/routes.php HTTP/1.1" 500 -
::1 - - [17/Mar/2021:11:44:42 +0800] "GET /Tutor/app/Http/test1.php HTTP/1.1" 200 20
::1 - - [17/Mar/2021:11:44:45 +0800] "GET /Tutor/app/ HTTP/1.1" 200 895
::1 - - [17/Mar/2021:11:44:46 +0800] "GET /Tutor/ HTTP/1.1" 200 1946
::1 - - [17/Mar/2021:11:44:47 +0800] "GET /Tutor/public/ HTTP/1.1" 500 -
::1 - - [17/Mar/2021:11:44:51 +0800] "GET / HTTP/1.1" 200 4026
::1 - - [17/Mar/2021:11:45:18 +0800] "GET /Tutor/ HTTP/1.1" 200 1946
::1 - - [17/Mar/2021:11:45:19 +0800] "GET /Tutor/public/ HTTP/1.1" 500 -
::1 - - [17/Mar/2021:11:45:38 +0800] "GET /Tutor/public/test2.php HTTP/1.1" 200 20
::1 - - [17/Mar/2021:11:45:42 +0800] "GET /Tutor/public/ HTTP/1.1" 500 -
::1 - - [17/Mar/2021:11:45:47 +0800] "GET /Tutor/ HTTP/1.1" 200 1946
::1 - - [17/Mar/2021:11:45:48 +0800] "GET /Tutor/public/ HTTP/1.1" 500 -
::1 - - [17/Mar/2021:11:46:22 +0800] "GET /Tutor/ HTTP/1.1" 200 1946
::1 - - [17/Mar/2021:11:46:23 +0800] "GET /Tutor/public/ HTTP/1.1" 500 -
::1 - - [17/Mar/2021:11:46:38 +0800] "GET /www/ HTTP/1.1" 404 196
::1 - - [17/Mar/2021:11:46:45 +0800] "GET / HTTP/1.1" 200 4026
::1 - - [17/Mar/2021:11:46:54 +0800] "GET / HTTP/1.1" 200 4026
::1 - - [17/Mar/2021:11:46:59 +0800] "GET /app HTTP/1.1" 404 196
::1 - - [17/Mar/2021:11:47:03 +0800] "GET /app/ HTTP/1.1" 404 196
::1 - - [17/Mar/2021:11:47:14 +0800] "GET /Tutor/ HTTP/1.1" 200 1946
::1 - - [17/Mar/2021:11:47:19 +0800] "GET /Tutor/app/ HTTP/1.1" 200 895
::1 - - [17/Mar/2021:11:47:21 +0800] "GET /Tutor/app/Http/ HTTP/1.1" 200 1128
::1 - - [17/Mar/2021:11:47:23 +0800] "GET /Tutor/vendor/ HTTP/1.1" 200 2590
::1 - - [17/Mar/2021:11:47:42 +0800] "GET /Tutor/ HTTP/1.1" 200 1946
::1 - - [17/Mar/2021:11:47:43 +0800] "GET /Tutor/ HTTP/1.1" 200 1946
::1 - - [17/Mar/2021:11:47:44 +0800] "GET /Tutor/public/ HTTP/1.1" 500 -
::1 - - [17/Mar/2021:11:47:49 +0800] "GET /Tutor/ HTTP/1.1" 200 1946
::1 - - [17/Mar/2021:11:47:49 +0800] "GET /Tutor/ HTTP/1.1" 200 1946
::1 - - [17/Mar/2021:11:47:50 +0800] "GET /Tutor/public/ HTTP/1.1" 500 -
::1 - - [17/Mar/2021:11:47:51 +0800] "GET /Tutor/public/ HTTP/1.1" 500 -
::1 - - [17/Mar/2021:11:47:55 +0800] "GET /Tutor/public/ HTTP/1.1" 200 898
::1 - - [17/Mar/2021:11:47:55 +0800] "GET /Tutor/public/ HTTP/1.1" 200 898
::1 - - [17/Mar/2021:11:47:56 +0800] "GET /Tutor/public/a/ HTTP/1.1" 500 -
::1 - - [17/Mar/2021:11:47:58 +0800] "GET /Tutor/public/a/ HTTP/1.1" 500 -
::1 - - [17/Mar/2021:11:48:01 +0800] "GET /Tutor/ HTTP/1.1" 200 1946
::1 - - [17/Mar/2021:11:48:02 +0800] "GET /Tutor/public/ HTTP/1.1" 200 898
::1 - - [17/Mar/2021:11:48:03 +0800] "GET /Tutor/public/a/ HTTP/1.1" 500 -
::1 - - [17/Mar/2021:11:48:14 +0800] "GET /Tutor/public/a/ HTTP/1.1" 200 1126
::1 - - [17/Mar/2021:11:48:16 +0800] "GET /Tutor/public/a/1.php HTTP/1.1" 500 -
::1 - - [17/Mar/2021:11:48:18 +0800] "GET /Tutor/public/a/test2.php HTTP/1.1" 200 20
::1 - - [17/Mar/2021:11:48:26 +0800] "GET /Tutor/public/ HTTP/1.1" 200 898
::1 - - [17/Mar/2021:11:48:27 +0800] "GET /Tutor/public/a/ HTTP/1.1" 500 -
::1 - - [17/Mar/2021:11:49:26 +0800] "-" 408 -
::1 - - [17/Mar/2021:11:49:27 +0800] "-" 408 -
::1 - - [17/Mar/2021:15:30:38 +0800] "GET / HTTP/1.1" 200 4026
::1 - - [17/Mar/2021:15:30:38 +0800] "GET /favicon.ico HTTP/1.1" 404 196
::1 - - [17/Mar/2021:15:30:42 +0800] "GET /Tutor/ HTTP/1.1" 200 1946
::1 - - [17/Mar/2021:15:30:43 +0800] "GET /Tutor/public/ HTTP/1.1" 500 -
::1 - - [17/Mar/2021:15:30:45 +0800] "GET /Tutor/public/ HTTP/1.1" 500 -
::1 - - [17/Mar/2021:15:30:49 +0800] "GET /Tutor/ HTTP/1.1" 200 1946
::1 - - [17/Mar/2021:15:30:50 +0800] "GET /Tutor/test.php HTTP/1.1" 200 20
::1 - - [17/Mar/2021:15:30:55 +0800] "GET /Tutor/app/ HTTP/1.1" 200 895
::1 - - [17/Mar/2021:15:30:56 +0800] "GET /Tutor/app/Http/ HTTP/1.1" 200 1128
::1 - - [17/Mar/2021:15:30:58 +0800] "GET /Tutor/app/Http/routes.php HTTP/1.1" 500 -
::1 - - [17/Mar/2021:15:31:03 +0800] "GET /Tutor/app/Http/test1.php HTTP/1.1" 200 20
::1 - - [17/Mar/2021:15:31:05 +0800] "GET /Tutor/app/Http/routes.php HTTP/1.1" 500 -
::1 - - [17/Mar/2021:15:31:12 +0800] "GET /Tutor/ HTTP/1.1" 200 1946
::1 - - [17/Mar/2021:15:31:14 +0800] "GET /Tutor/public/ HTTP/1.1" 500 -
::1 - - [17/Mar/2021:15:31:26 +0800] "GET /Tutor/ HTTP/1.1" 200 1946
::1 - - [17/Mar/2021:15:31:28 +0800] "GET /Tutor/test.php HTTP/1.1" 200 20
::1 - - [17/Mar/2021:15:31:29 +0800] "GET /Tutor/public/ HTTP/1.1" 500 -
::1 - - [17/Mar/2021:15:32:15 +0800] "-" 408 -
::1 - - [17/Mar/2021:15:32:29 +0800] "-" 408 -
::1 - - [17/Mar/2021:15:33:26 +0800] "GET / HTTP/1.1" 200 4026
::1 - - [17/Mar/2021:15:33:26 +0800] "GET /favicon.ico HTTP/1.1" 404 196
::1 - - [17/Mar/2021:15:33:30 +0800] "GET /Tutor/ HTTP/1.1" 200 1946
::1 - - [17/Mar/2021:15:33:31 +0800] "GET /Tutor/public/ HTTP/1.1" 500 -
::1 - - [17/Mar/2021:15:33:35 +0800] "GET /Tutor/app/ HTTP/1.1" 200 895
::1 - - [17/Mar/2021:15:33:36 +0800] "GET /Tutor/app/Http/ HTTP/1.1" 200 1128
::1 - - [17/Mar/2021:15:33:37 +0800] "GET /Tutor/app/Http/routes.php HTTP/1.1" 500 -
::1 - - [17/Mar/2021:15:33:43 +0800] "GET /Tutor/public/ HTTP/1.1" 500 -
::1 - - [17/Mar/2021:16:35:39 +0800] "GET / HTTP/1.1" 200 4026
::1 - - [17/Mar/2021:16:35:39 +0800] "GET /favicon.ico HTTP/1.1" 404 196
::1 - - [17/Mar/2021:16:35:44 +0800] "GET /Tutor/ HTTP/1.1" 200 1946
::1 - - [17/Mar/2021:16:35:45 +0800] "GET /Tutor/public/ HTTP/1.1" 500 -
::1 - - [17/Mar/2021:16:35:46 +0800] "GET /Tutor/public/ HTTP/1.1" 500 -
::1 - - [17/Mar/2021:16:36:46 +0800] "-" 408 -
::1 - - [17/Mar/2021:16:37:55 +0800] "GET /Tutor/public/ HTTP/1.1" 500 -
::1 - - [17/Mar/2021:16:37:56 +0800] "GET /Tutor/public/ HTTP/1.1" 500 -
::1 - - [17/Mar/2021:16:37:57 +0800] "GET /Tutor/public/ HTTP/1.1" 500 -
::1 - - [17/Mar/2021:16:38:57 +0800] "-" 408 -
::1 - - [17/Mar/2021:16:39:00 +0800] "GET /Tutor/public/ HTTP/1.1" 500 -
::1 - - [17/Mar/2021:16:39:01 +0800] "GET /Tutor/public/ HTTP/1.1" 500 -
::1 - - [17/Mar/2021:16:39:20 +0800] "GET /Tutor/public/ HTTP/1.1" 500 -
::1 - - [17/Mar/2021:16:39:29 +0800] "GET /Tutor/public/ HTTP/1.1" 500 -
::1 - - [17/Mar/2021:16:39:35 +0800] "GET /Tutor/public/ HTTP/1.1" 500 -
::1 - - [17/Mar/2021:16:39:38 +0800] "GET /Tutor/public/ HTTP/1.1" 500 -
::1 - - [17/Mar/2021:16:39:42 +0800] "GET /Tutor/public/ HTTP/1.1" 500 -
::1 - - [17/Mar/2021:16:39:45 +0800] "GET /Tutor/public/ HTTP/1.1" 500 -
::1 - - [17/Mar/2021:16:39:48 +0800] "GET /Tutor/public/ HTTP/1.1" 500 -
::1 - - [17/Mar/2021:16:39:49 +0800] "GET /Tutor/public/ HTTP/1.1" 500 -
::1 - - [17/Mar/2021:16:40:08 +0800] "GET /Tutor/public/ HTTP/1.1" 500 -
::1 - - [17/Mar/2021:16:40:10 +0800] "GET /Tutor/public/ HTTP/1.1" 200 12
::1 - - [17/Mar/2021:16:40:14 +0800] "GET /Tutor/public/ HTTP/1.1" 200 12
::1 - - [17/Mar/2021:16:40:15 +0800] "GET /Tutor/public/ HTTP/1.1" 200 12
::1 - - [17/Mar/2021:16:40:19 +0800] "GET /Tutor/public/ HTTP/1.1" 500 -
::1 - - [17/Mar/2021:16:40:23 +0800] "GET /Tutor/public/ HTTP/1.1" 200 12
::1 - - [17/Mar/2021:16:40:30 +0800] "GET /Tutor/public/ HTTP/1.1" 200 12
::1 - - [17/Mar/2021:16:40:31 +0800] "GET /Tutor/public/ HTTP/1.1" 200 12
::1 - - [17/Mar/2021:16:40:34 +0800] "GET /Tutor/public/ HTTP/1.1" 500 -
::1 - - [17/Mar/2021:16:40:47 +0800] "GET /Tutor/public/ HTTP/1.1" 500 13
::1 - - [17/Mar/2021:16:40:48 +0800] "GET /Tutor/public/ HTTP/1.1" 500 13
::1 - - [17/Mar/2021:16:41:00 +0800] "GET /Tutor/public/ HTTP/1.1" 500 13
::1 - - [17/Mar/2021:16:41:00 +0800] "GET /Tutor/public/ HTTP/1.1" 500 13
::1 - - [17/Mar/2021:16:41:01 +0800] "GET /Tutor/public/ HTTP/1.1" 500 13
::1 - - [17/Mar/2021:16:41:02 +0800] "GET /Tutor/public/ HTTP/1.1" 500 13
::1 - - [17/Mar/2021:16:41:02 +0800] "GET /Tutor/public/ HTTP/1.1" 500 13
::1 - - [17/Mar/2021:16:41:03 +0800] "GET /Tutor/public/ HTTP/1.1" 500 13
::1 - - [17/Mar/2021:16:41:04 +0800] "GET /Tutor/public/ HTTP/1.1" 500 13
::1 - - [17/Mar/2021:16:41:05 +0800] "GET /Tutor/public/ HTTP/1.1" 500 13
::1 - - [17/Mar/2021:16:41:11 +0800] "GET /Tutor/public/ HTTP/1.1" 500 13
::1 - - [17/Mar/2021:16:41:11 +0800] "GET /Tutor/public/ HTTP/1.1" 500 13
::1 - - [17/Mar/2021:16:41:15 +0800] "GET /Tutor/public/ HTTP/1.1" 500 13
::1 - - [17/Mar/2021:16:41:15 +0800] "GET /Tutor/public/ HTTP/1.1" 500 13
::1 - - [17/Mar/2021:16:41:16 +0800] "GET /Tutor/public/ HTTP/1.1" 500 13
::1 - - [17/Mar/2021:16:41:16 +0800] "GET /Tutor/public/ HTTP/1.1" 500 13
::1 - - [17/Mar/2021:16:41:29 +0800] "GET /Tutor/public/ HTTP/1.1" 500 -
::1 - - [17/Mar/2021:16:41:42 +0800] "GET /Tutor/public/ HTTP/1.1" 500 -
::1 - - [17/Mar/2021:16:41:43 +0800] "GET /Tutor/public/ HTTP/1.1" 500 -
::1 - - [17/Mar/2021:16:41:44 +0800] "GET /Tutor/public/ HTTP/1.1" 500 -
::1 - - [17/Mar/2021:16:41:50 +0800] "GET /Tutor/public/ HTTP/1.1" 500 -
::1 - - [17/Mar/2021:16:41:50 +0800] "GET /Tutor/public/ HTTP/1.1" 500 -
::1 - - [17/Mar/2021:16:41:56 +0800] "GET /Tutor/public/ HTTP/1.1" 500 13
::1 - - [17/Mar/2021:16:42:01 +0800] "GET /Tutor/public/ HTTP/1.1" 500 13
::1 - - [17/Mar/2021:16:42:02 +0800] "GET /Tutor/public/ HTTP/1.1" 500 13
::1 - - [17/Mar/2021:16:42:06 +0800] "GET /Tutor/public/ HTTP/1.1" 500 -
::1 - - [17/Mar/2021:16:42:07 +0800] "GET /Tutor/public/ HTTP/1.1" 500 -
::1 - - [17/Mar/2021:16:42:23 +0800] "GET /Tutor/public/ HTTP/1.1" 500 13
::1 - - [17/Mar/2021:16:42:39 +0800] "GET /Tutor/public/ HTTP/1.1" 500 13
::1 - - [17/Mar/2021:16:42:40 +0800] "GET /Tutor/public/ HTTP/1.1" 500 13
::1 - - [17/Mar/2021:16:42:40 +0800] "GET /Tutor/public/ HTTP/1.1" 500 13
::1 - - [17/Mar/2021:16:42:41 +0800] "GET /Tutor/public/ HTTP/1.1" 500 13
::1 - - [17/Mar/2021:16:42:41 +0800] "GET /Tutor/public/ HTTP/1.1" 500 13
::1 - - [17/Mar/2021:16:42:45 +0800] "GET /Tutor/public/ HTTP/1.1" 500 -
::1 - - [17/Mar/2021:16:42:49 +0800] "GET /Tutor/public/ HTTP/1.1" 500 13
::1 - - [17/Mar/2021:16:43:01 +0800] "GET /Tutor/public/ HTTP/1.1" 500 13
::1 - - [17/Mar/2021:16:43:04 +0800] "GET /Tutor/public/ HTTP/1.1" 500 -
::1 - - [17/Mar/2021:16:43:43 +0800] "GET /Tutor/public/ HTTP/1.1" 500 -
::1 - - [17/Mar/2021:16:43:44 +0800] "GET /Tutor/public/ HTTP/1.1" 500 -
::1 - - [17/Mar/2021:16:43:44 +0800] "GET /Tutor/public/ HTTP/1.1" 500 -
::1 - - [17/Mar/2021:16:44:04 +0800] "GET /Tutor/public/ HTTP/1.1" 500 -
::1 - - [17/Mar/2021:16:45:04 +0800] "-" 408 -
::1 - - [17/Mar/2021:16:45:51 +0800] "GET /Tutor/public/ HTTP/1.1" 500 -
::1 - - [17/Mar/2021:16:45:52 +0800] "GET /Tutor/public/ HTTP/1.1" 500 -
::1 - - [17/Mar/2021:16:46:09 +0800] "GET /Tutor/public/ HTTP/1.1" 500 12
::1 - - [17/Mar/2021:16:47:09 +0800] "-" 408 -
::1 - - [17/Mar/2021:16:47:29 +0800] "GET /Tutor/public/ HTTP/1.1" 500 -
::1 - - [17/Mar/2021:16:47:30 +0800] "GET /Tutor/public/ HTTP/1.1" 500 -
::1 - - [17/Mar/2021:16:47:36 +0800] "GET /Tutor/public/ HTTP/1.1" 500 -
::1 - - [17/Mar/2021:16:48:22 +0800] "GET /Tutor/public/ HTTP/1.1" 500 -
::1 - - [17/Mar/2021:16:48:23 +0800] "GET /Tutor/public/ HTTP/1.1" 500 -
::1 - - [17/Mar/2021:16:48:31 +0800] "GET /Tutor/public/ HTTP/1.1" 500 -
::1 - - [17/Mar/2021:16:48:31 +0800] "GET /Tutor/public/ HTTP/1.1" 500 -
::1 - - [17/Mar/2021:16:48:38 +0800] "GET /Tutor/public/ HTTP/1.1" 500 -
::1 - - [17/Mar/2021:16:48:39 +0800] "GET /Tutor/public/ HTTP/1.1" 500 -
::1 - - [17/Mar/2021:16:49:39 +0800] "-" 408 -
::1 - - [17/Mar/2021:16:50:54 +0800] "GET /Tutor/public/ HTTP/1.1" 500 -
::1 - - [17/Mar/2021:16:50:55 +0800] "GET /Tutor/public/ HTTP/1.1" 500 -
::1 - - [17/Mar/2021:16:51:55 +0800] "-" 408 -
::1 - - [17/Mar/2021:16:52:33 +0800] "GET /Tutor/public/ HTTP/1.1" 500 -
::1 - - [17/Mar/2021:16:52:34 +0800] "GET /Tutor/public/ HTTP/1.1" 500 -
::1 - - [17/Mar/2021:16:53:07 +0800] "GET /Tutor/public/ HTTP/1.1" 500 -
::1 - - [17/Mar/2021:16:53:07 +0800] "GET /Tutor/public/ HTTP/1.1" 500 -
::1 - - [17/Mar/2021:16:53:11 +0800] "GET /Tutor/public/ HTTP/1.1" 500 12
::1 - - [17/Mar/2021:16:53:19 +0800] "GET /Tutor/public/ HTTP/1.1" 500 12
::1 - - [17/Mar/2021:16:53:23 +0800] "GET /Tutor/public/ HTTP/1.1" 500 12
::1 - - [17/Mar/2021:16:53:24 +0800] "GET /Tutor/public/ HTTP/1.1" 500 12
::1 - - [17/Mar/2021:16:53:28 +0800] "GET /Tutor/public/ HTTP/1.1" 500 12
::1 - - [17/Mar/2021:16:53:28 +0800] "GET /Tutor/public/ HTTP/1.1" 500 12
::1 - - [17/Mar/2021:16:53:32 +0800] "GET /Tutor/public/ HTTP/1.1" 500 -
::1 - - [17/Mar/2021:16:53:33 +0800] "GET /Tutor/public/ HTTP/1.1" 500 -
::1 - - [17/Mar/2021:16:53:36 +0800] "GET /Tutor/public/ HTTP/1.1" 500 12
::1 - - [17/Mar/2021:16:54:36 +0800] "-" 408 -
::1 - - [17/Mar/2021:17:08:39 +0800] "GET /Tutor/welcome HTTP/1.1" 404 196
::1 - - [17/Mar/2021:17:08:49 +0800] "GET /Tutor/public/welcome HTTP/1.1" 404 196
::1 - - [17/Mar/2021:17:09:33 +0800] "GET /welcome HTTP/1.1" 404 196
::1 - - [17/Mar/2021:17:09:51 +0800] "GET /Tutor/ HTTP/1.1" 200 1946
::1 - - [17/Mar/2021:17:09:53 +0800] "GET /Tutor/app/ HTTP/1.1" 200 895
::1 - - [17/Mar/2021:17:09:54 +0800] "GET /Tutor/app/Http/ HTTP/1.1" 200 1343
::1 - - [17/Mar/2021:17:09:55 +0800] "GET /Tutor/app/Http/Controllers/ HTTP/1.1" 200 955
::1 - - [17/Mar/2021:17:09:55 +0800] "GET /Tutor/app/Http/Controllers/WelcomeController.php HTTP/1.1" 500 -
::1 - - [17/Mar/2021:17:10:17 +0800] "GET /Tutor/welcome HTTP/1.1" 404 196
::1 - - [17/Mar/2021:17:10:30 +0800] "GET /Tutor/public/welcome HTTP/1.1" 404 196
::1 - - [17/Mar/2021:17:10:37 +0800] "GET /Tutor/public/ HTTP/1.1" 500 -
::1 - - [17/Mar/2021:17:10:56 +0800] "GET /Tutor/public/ HTTP/1.1" 500 -
::1 - - [17/Mar/2021:17:10:57 +0800] "GET /Tutor/public/ HTTP/1.1" 500 -
::1 - - [17/Mar/2021:17:10:57 +0800] "GET /Tutor/public/ HTTP/1.1" 500 -
::1 - - [17/Mar/2021:17:11:07 +0800] "GET /Tutor/public/ HTTP/1.1" 500 -
::1 - - [17/Mar/2021:17:11:08 +0800] "GET /Tutor/public/ HTTP/1.1" 500 -
::1 - - [17/Mar/2021:17:11:09 +0800] "GET /Tutor/public/ HTTP/1.1" 500 -
::1 - - [17/Mar/2021:17:11:09 +0800] "GET /Tutor/public/ HTTP/1.1" 500 -
::1 - - [17/Mar/2021:17:11:10 +0800] "GET /Tutor/public/ HTTP/1.1" 500 -
::1 - - [17/Mar/2021:17:11:14 +0800] "GET /Tutor/public/welcome HTTP/1.1" 404 196
::1 - - [17/Mar/2021:17:11:18 +0800] "GET /Tutor/public/welcome HTTP/1.1" 404 196
::1 - - [17/Mar/2021:17:11:19 +0800] "GET /Tutor/public/welcome HTTP/1.1" 404 196
::1 - - [17/Mar/2021:17:12:14 +0800] "-" 408 -
::1 - - [17/Mar/2021:17:53:33 +0800] "GET /tutor/public/test2.php HTTP/1.1" 500 -
::1 - - [17/Mar/2021:17:54:00 +0800] "GET /Tutor/ HTTP/1.1" 200 1946
::1 - - [17/Mar/2021:17:54:01 +0800] "GET /Tutor/app/ HTTP/1.1" 200 895
::1 - - [17/Mar/2021:17:54:02 +0800] "GET /Tutor/app/Http/ HTTP/1.1" 200 1343
::1 - - [17/Mar/2021:17:54:03 +0800] "GET /Tutor/app/Http/test1.php HTTP/1.1" 500 -
::1 - - [17/Mar/2021:17:54:04 +0800] "GET /Tutor/app/Http/test1.php HTTP/1.1" 500 -
::1 - - [17/Mar/2021:17:54:17 +0800] "GET /Tutor/app/Http/test1.php HTTP/1.1" 500 -
::1 - - [17/Mar/2021:17:54:30 +0800] "GET /Tutor/app/Http/test1.php HTTP/1.1" 500 -
::1 - - [17/Mar/2021:17:54:30 +0800] "GET /Tutor/app/Http/test1.php HTTP/1.1" 500 -
::1 - - [17/Mar/2021:17:55:01 +0800] "GET / HTTP/1.1" 200 4026
::1 - - [17/Mar/2021:17:55:08 +0800] "GET /Tutor/ HTTP/1.1" 200 1946
::1 - - [17/Mar/2021:17:55:09 +0800] "GET /Tutor/app/ HTTP/1.1" 200 895
::1 - - [17/Mar/2021:17:55:10 +0800] "GET /Tutor/app/Http/ HTTP/1.1" 200 1343
::1 - - [17/Mar/2021:17:55:11 +0800] "GET /Tutor/app/Http/test1.php HTTP/1.1" 200 28
::1 - - [17/Mar/2021:17:56:08 +0800] "-" 408 -
