[Tue Jul 23 18:27:12.798784 2019] [ssl:warn] [pid 11036:tid 676] AH01909: localhost:443:0 server certificate does NOT include an ID which matches the server name
[Tue Jul 23 18:27:12.817012 2019] [ssl:warn] [pid 11036:tid 676] AH01909: localhost:443:0 server certificate does NOT include an ID which matches the server name
[Tue Jul 23 18:27:12.817012 2019] [mpm_winnt:notice] [pid 11036:tid 676] AH00455: Apache/2.4.39 (Win64) OpenSSL/1.1.1c configured -- resuming normal operations
[Tue Jul 23 18:27:12.817012 2019] [mpm_winnt:notice] [pid 11036:tid 676] AH00456: Server built: May 29 2019 21:57:40
[Tue Jul 23 18:27:12.817012 2019] [core:notice] [pid 11036:tid 676] AH00094: Command line: 'C:\\AppServ\\Apache24\\bin\\httpd.exe -d C:/AppServ/Apache24'
[Tue Jul 23 18:27:12.819006 2019] [mpm_winnt:notice] [pid 11036:tid 676] AH00418: Parent: Created child process 10040
[Tue Jul 23 18:27:13.023990 2019] [ssl:warn] [pid 10040:tid 580] AH01909: localhost:443:0 server certificate does NOT include an ID which matches the server name
[Tue Jul 23 18:27:13.037576 2019] [ssl:warn] [pid 10040:tid 580] AH01909: localhost:443:0 server certificate does NOT include an ID which matches the server name
[Tue Jul 23 18:27:13.038571 2019] [mpm_winnt:notice] [pid 10040:tid 580] AH00354: Child: Starting 64 worker threads.
Starting the 'Apache24' service
The 'Apache24' service is running.
ssl:warn] [pid 6920:tid 128] AH01873: Init: Session Cache is not configured [hint: SSLSessionCache]
[Tue Mar 16 19:43:54.976980 2021] [mpm_winnt:notice] [pid 6920:tid 128] AH00455: Apache/2.4.41 (Win64) OpenSSL/1.1.1c PHP/7.3.10 configured -- resuming normal operations
[Tue Mar 16 19:43:54.976980 2021] [mpm_winnt:notice] [pid 6920:tid 128] AH00456: Server built: Aug 10 2019 13:33:27
[Tue Mar 16 19:43:54.976980 2021] [core:notice] [pid 6920:tid 128] AH00094: Command line: 'D:\\AppServ\\Apache24\\bin\\httpd.exe -d D:/AppServ/Apache24'
[Tue Mar 16 19:43:54.988949 2021] [mpm_winnt:notice] [pid 6920:tid 128] AH00418: Parent: Created child process 28404
[Tue Mar 16 19:43:56.233692 2021] [ssl:warn] [pid 28404:tid 148] AH01873: Init: Session Cache is not configured [hint: SSLSessionCache]
[Tue Mar 16 19:43:56.255599 2021] [mpm_winnt:notice] [pid 28404:tid 148] AH00354: Child: Starting 64 worker threads.
[Tue Mar 16 20:05:38.442815 2021] [mpm_winnt:notice] [pid 6920:tid 128] AH00422: Parent: Received shutdown signal -- Shutting down the server.
[Tue Mar 16 20:05:40.483139 2021] [mpm_winnt:notice] [pid 28404:tid 148] AH00364: Child: All worker threads have exited.
[Tue Mar 16 20:05:40.514385 2021] [mpm_winnt:notice] [pid 6920:tid 128] AH00430: Parent: Child process 28404 exited successfully.
[Tue Mar 16 20:06:08.255237 2021] [ssl:warn] [pid 4184:tid 460] AH01873: Init: Session Cache is not configured [hint: SSLSessionCache]
[Tue Mar 16 20:06:08.398204 2021] [mpm_winnt:notice] [pid 4184:tid 460] AH00455: Apache/2.4.41 (Win64) OpenSSL/1.1.1c PHP/7.3.10 configured -- resuming normal operations
[Tue Mar 16 20:06:08.398204 2021] [mpm_winnt:notice] [pid 4184:tid 460] AH00456: Server built: Aug 10 2019 13:33:27
[Tue Mar 16 20:06:08.398204 2021] [core:notice] [pid 4184:tid 460] AH00094: Command line: 'D:\\AppServ\\Apache24\\bin\\httpd.exe -d D:/AppServ/Apache24'
[Tue Mar 16 20:06:08.432220 2021] [mpm_winnt:notice] [pid 4184:tid 460] AH00418: Parent: Created child process 8944
[Tue Mar 16 20:06:09.777634 2021] [ssl:warn] [pid 8944:tid 692] AH01873: Init: Session Cache is not configured [hint: SSLSessionCache]
[Tue Mar 16 20:06:09.799753 2021] [mpm_winnt:notice] [pid 8944:tid 692] AH00354: Child: Starting 64 worker threads.
[Tue Mar 16 21:02:40.351274 2021] [mpm_winnt:notice] [pid 4184:tid 460] AH00422: Parent: Received shutdown signal -- Shutting down the server.
[Tue Mar 16 21:02:42.354104 2021] [mpm_winnt:notice] [pid 8944:tid 692] AH00364: Child: All worker threads have exited.
[Tue Mar 16 21:02:42.382794 2021] [mpm_winnt:notice] [pid 4184:tid 460] AH00430: Parent: Child process 8944 exited successfully.
[Tue Mar 16 21:02:57.142692 2021] [ssl:warn] [pid 24108:tid 680] AH01873: Init: Session Cache is not configured [hint: SSLSessionCache]
[Tue Mar 16 21:02:57.331804 2021] [mpm_winnt:notice] [pid 24108:tid 680] AH00455: Apache/2.4.41 (Win64) OpenSSL/1.1.1c PHP/7.3.10 configured -- resuming normal operations
[Tue Mar 16 21:02:57.331804 2021] [mpm_winnt:notice] [pid 24108:tid 680] AH00456: Server built: Aug 10 2019 13:33:27
[Tue Mar 16 21:02:57.331804 2021] [core:notice] [pid 24108:tid 680] AH00094: Command line: 'D:\\AppServ\\Apache24\\bin\\httpd.exe -d D:/AppServ/Apache24'
[Tue Mar 16 21:02:57.339784 2021] [mpm_winnt:notice] [pid 24108:tid 680] AH00418: Parent: Created child process 17580
[Tue Mar 16 21:02:58.252226 2021] [ssl:warn] [pid 17580:tid 156] AH01873: Init: Session Cache is not configured [hint: SSLSessionCache]
[Tue Mar 16 21:02:58.270153 2021] [mpm_winnt:notice] [pid 17580:tid 156] AH00354: Child: Starting 64 worker threads.
[Tue Mar 16 21:05:42.400136 2021] [php7:error] [pid 17580:tid 1172] [client ::1:52550] script 'D:/AppServ/www/test.php' not found or unable to stat
[Tue Mar 16 21:06:02.554816 2021] [php7:error] [pid 17580:tid 1200] [client ::1:52551] script 'D:/AppServ/www/test.php' not found or unable to stat
[Tue Mar 16 21:17:25.184835 2021] [mpm_winnt:notice] [pid 24108:tid 680] AH00422: Parent: Received shutdown signal -- Shutting down the server.
[Tue Mar 16 21:17:27.186710 2021] [mpm_winnt:notice] [pid 17580:tid 156] AH00364: Child: All worker threads have exited.
[Tue Mar 16 21:17:27.206613 2021] [mpm_winnt:notice] [pid 24108:tid 680] AH00430: Parent: Child process 17580 exited successfully.
[Tue Mar 16 21:20:16.971272 2021] [ssl:warn] [pid 17456:tid 668] AH01873: Init: Session Cache is not configured [hint: SSLSessionCache]
[Tue Mar 16 21:20:16.987238 2021] [mpm_winnt:notice] [pid 17456:tid 668] AH00455: Apache/2.4.41 (Win64) OpenSSL/1.1.1c PHP/7.3.10 configured -- resuming normal operations
[Tue Mar 16 21:20:16.987238 2021] [mpm_winnt:notice] [pid 17456:tid 668] AH00456: Server built: Aug 10 2019 13:33:27
[Tue Mar 16 21:20:16.987238 2021] [core:notice] [pid 17456:tid 668] AH00094: Command line: 'D:\\AppServ\\Apache24\\bin\\httpd.exe -d D:/AppServ/Apache24'
[Tue Mar 16 21:20:16.995183 2021] [mpm_winnt:notice] [pid 17456:tid 668] AH00418: Parent: Created child process 16760
[Tue Mar 16 21:20:17.984190 2021] [ssl:warn] [pid 16760:tid 604] AH01873: Init: Session Cache is not configured [hint: SSLSessionCache]
[Tue Mar 16 21:20:18.003105 2021] [mpm_winnt:notice] [pid 16760:tid 604] AH00354: Child: Starting 64 worker threads.
[Tue Mar 16 21:20:40.727173 2021] [php7:error] [pid 16760:tid 1180] [client ::1:53123] script 'D:/AppServ/www/test.php' not found or unable to stat
[Tue Mar 16 21:21:15.785459 2021] [mpm_winnt:notice] [pid 17456:tid 668] AH00422: Parent: Received shutdown signal -- Shutting down the server.
[Tue Mar 16 21:21:17.786349 2021] [mpm_winnt:notice] [pid 16760:tid 604] AH00364: Child: All worker threads have exited.
[Tue Mar 16 21:21:17.804064 2021] [mpm_winnt:notice] [pid 17456:tid 668] AH00430: Parent: Child process 16760 exited successfully.
[Tue Mar 16 21:25:03.759877 2021] [ssl:warn] [pid 1192:tid 724] AH01873: Init: Session Cache is not configured [hint: SSLSessionCache]
[Tue Mar 16 21:25:03.774870 2021] [mpm_winnt:notice] [pid 1192:tid 724] AH00455: Apache/2.4.41 (Win64) OpenSSL/1.1.1c PHP/7.3.10 configured -- resuming normal operations
[Tue Mar 16 21:25:03.775867 2021] [mpm_winnt:notice] [pid 1192:tid 724] AH00456: Server built: Aug 10 2019 13:33:27
[Tue Mar 16 21:25:03.775867 2021] [core:notice] [pid 1192:tid 724] AH00094: Command line: 'D:\\AppServ\\Apache24\\bin\\httpd.exe -d D:/AppServ/Apache24'
[Tue Mar 16 21:25:03.783814 2021] [mpm_winnt:notice] [pid 1192:tid 724] AH00418: Parent: Created child process 25444
[Tue Mar 16 21:25:04.756215 2021] [ssl:warn] [pid 25444:tid 612] AH01873: Init: Session Cache is not configured [hint: SSLSessionCache]
[Tue Mar 16 21:25:04.773169 2021] [mpm_winnt:notice] [pid 25444:tid 612] AH00354: Child: Starting 64 worker threads.
[Tue Mar 16 21:25:11.506171 2021] [mpm_winnt:notice] [pid 1192:tid 724] AH00422: Parent: Received shutdown signal -- Shutting down the server.
[Tue Mar 16 21:25:41.507108 2021] [mpm_winnt:notice] [pid 1192:tid 724] AH00431: Parent: Forcing termination of child process 25444
[Tue Mar 16 21:26:09.458260 2021] [ssl:warn] [pid 17340:tid 696] AH01873: Init: Session Cache is not configured [hint: SSLSessionCache]
[Tue Mar 16 21:26:09.473254 2021] [mpm_winnt:notice] [pid 17340:tid 696] AH00455: Apache/2.4.41 (Win64) OpenSSL/1.1.1c PHP/7.3.10 configured -- resuming normal operations
[Tue Mar 16 21:26:09.473254 2021] [mpm_winnt:notice] [pid 17340:tid 696] AH00456: Server built: Aug 10 2019 13:33:27
[Tue Mar 16 21:26:09.473254 2021] [core:notice] [pid 17340:tid 696] AH00094: Command line: 'D:\\AppServ\\Apache24\\bin\\httpd.exe -d D:/AppServ/Apache24'
[Tue Mar 16 21:26:09.481199 2021] [mpm_winnt:notice] [pid 17340:tid 696] AH00418: Parent: Created child process 24680
[Tue Mar 16 21:26:10.387774 2021] [ssl:warn] [pid 24680:tid 608] AH01873: Init: Session Cache is not configured [hint: SSLSessionCache]
[Tue Mar 16 21:26:10.404730 2021] [mpm_winnt:notice] [pid 24680:tid 608] AH00354: Child: Starting 64 worker threads.
[Wed Mar 17 10:43:18.459368 2021] [ssl:warn] [pid 4844:tid 452] AH01873: Init: Session Cache is not configured [hint: SSLSessionCache]
[Wed Mar 17 10:43:18.673169 2021] [mpm_winnt:notice] [pid 4844:tid 452] AH00455: Apache/2.4.41 (Win64) OpenSSL/1.1.1c PHP/7.3.10 configured -- resuming normal operations
[Wed Mar 17 10:43:18.673169 2021] [mpm_winnt:notice] [pid 4844:tid 452] AH00456: Server built: Aug 10 2019 13:33:27
[Wed Mar 17 10:43:18.673169 2021] [core:notice] [pid 4844:tid 452] AH00094: Command line: 'D:\\AppServ\\Apache24\\bin\\httpd.exe -d D:/AppServ/Apache24'
[Wed Mar 17 10:43:18.793866 2021] [mpm_winnt:notice] [pid 4844:tid 452] AH00418: Parent: Created child process 9000
[Wed Mar 17 10:43:19.678751 2021] [ssl:warn] [pid 9000:tid 640] AH01873: Init: Session Cache is not configured [hint: SSLSessionCache]
[Wed Mar 17 10:43:19.698852 2021] [mpm_winnt:notice] [pid 9000:tid 640] AH00354: Child: Starting 64 worker threads.
[Wed Mar 17 11:26:35.870405 2021] [php7:notice] [pid 9000:tid 1196] [client ::1:53379] PHP Notice:  Undefined variable: app in D:\\AppServ\\www\\Tutor\\app\\Http\\routes.php on line 2
[Wed Mar 17 11:26:35.870405 2021] [php7:error] [pid 9000:tid 1196] [client ::1:53379] PHP Fatal error:  Uncaught Error: Call to a member function get() on null in D:\\AppServ\\www\\Tutor\\app\\Http\\routes.php:2\nStack trace:\n#0 {main}\n  thrown in D:\\AppServ\\www\\Tutor\\app\\Http\\routes.php on line 2
[Wed Mar 17 11:26:42.245344 2021] [php7:notice] [pid 9000:tid 1188] [client ::1:53380] PHP Notice:  Undefined variable: app in D:\\AppServ\\www\\Tutor\\app\\Http\\routes.php on line 2
[Wed Mar 17 11:26:42.245344 2021] [php7:error] [pid 9000:tid 1188] [client ::1:53380] PHP Fatal error:  Uncaught Error: Call to a member function get() on null in D:\\AppServ\\www\\Tutor\\app\\Http\\routes.php:2\nStack trace:\n#0 {main}\n  thrown in D:\\AppServ\\www\\Tutor\\app\\Http\\routes.php on line 2
[Wed Mar 17 11:27:11.983761 2021] [php7:notice] [pid 9000:tid 1188] [client ::1:53392] PHP Notice:  Undefined variable: app in D:\\AppServ\\www\\Tutor\\app\\Http\\routes.php on line 2
[Wed Mar 17 11:27:11.983761 2021] [php7:error] [pid 9000:tid 1188] [client ::1:53392] PHP Fatal error:  Uncaught Error: Call to a member function get() on null in D:\\AppServ\\www\\Tutor\\app\\Http\\routes.php:2\nStack trace:\n#0 {main}\n  thrown in D:\\AppServ\\www\\Tutor\\app\\Http\\routes.php on line 2
[Wed Mar 17 11:39:16.813364 2021] [php7:error] [pid 9000:tid 1184] [client ::1:53499] PHP Fatal error:  Uncaught Error: Class 'Illuminate\\Contracts\\Container' not found in D:\\AppServ\\www\\Tutor\\public\\index.php:5\nStack trace:\n#0 {main}\n  thrown in D:\\AppServ\\www\\Tutor\\public\\index.php on line 5, referer: http://localhost:81/Tutor/
[Wed Mar 17 11:39:18.877840 2021] [php7:error] [pid 9000:tid 1200] [client ::1:53500] PHP Fatal error:  Uncaught Error: Class 'Illuminate\\Contracts\\Container' not found in D:\\AppServ\\www\\Tutor\\public\\index.php:5\nStack trace:\n#0 {main}\n  thrown in D:\\AppServ\\www\\Tutor\\public\\index.php on line 5, referer: http://localhost:81/Tutor/
[Wed Mar 17 11:39:31.946889 2021] [php7:error] [pid 9000:tid 1184] [client ::1:53502] PHP Fatal error:  Uncaught Error: Class 'Illuminate\\Contracts\\Container' not found in D:\\AppServ\\www\\Tutor\\public\\index.php:5\nStack trace:\n#0 {main}\n  thrown in D:\\AppServ\\www\\Tutor\\public\\index.php on line 5, referer: http://localhost:81/Tutor/
[Wed Mar 17 11:39:36.847749 2021] [php7:notice] [pid 9000:tid 1200] [client ::1:53503] PHP Notice:  Undefined variable: app in D:\\AppServ\\www\\Tutor\\app\\Http\\routes.php on line 2, referer: http://localhost:81/Tutor/app/Http/
[Wed Mar 17 11:39:36.847749 2021] [php7:error] [pid 9000:tid 1200] [client ::1:53503] PHP Fatal error:  Uncaught Error: Call to a member function get() on null in D:\\AppServ\\www\\Tutor\\app\\Http\\routes.php:2\nStack trace:\n#0 {main}\n  thrown in D:\\AppServ\\www\\Tutor\\app\\Http\\routes.php on line 2, referer: http://localhost:81/Tutor/app/Http/
[Wed Mar 17 11:39:46.851975 2021] [php7:error] [pid 9000:tid 1184] [client ::1:53506] PHP Fatal error:  Uncaught Error: Class 'Illuminate\\Contracts\\Container' not found in D:\\AppServ\\www\\Tutor\\public\\index.php:5\nStack trace:\n#0 {main}\n  thrown in D:\\AppServ\\www\\Tutor\\public\\index.php on line 5, referer: http://localhost:81/Tutor/
[Wed Mar 17 11:39:48.729978 2021] [php7:error] [pid 9000:tid 1200] [client ::1:53507] PHP Fatal error:  Uncaught Error: Class 'Illuminate\\Contracts\\Container' not found in D:\\AppServ\\www\\Tutor\\public\\index.php:5\nStack trace:\n#0 {main}\n  thrown in D:\\AppServ\\www\\Tutor\\public\\index.php on line 5, referer: http://localhost:81/Tutor/
[Wed Mar 17 11:39:50.458358 2021] [php7:error] [pid 9000:tid 1184] [client ::1:53510] PHP Fatal error:  Uncaught Error: Class 'Illuminate\\Contracts\\Container' not found in D:\\AppServ\\www\\Tutor\\public\\index.php:5\nStack trace:\n#0 {main}\n  thrown in D:\\AppServ\\www\\Tutor\\public\\index.php on line 5, referer: http://localhost:81/Tutor/
[Wed Mar 17 11:39:55.146779 2021] [php7:error] [pid 9000:tid 1200] [client ::1:53511] PHP Fatal error:  Uncaught Error: Class 'Illuminate\\Contracts\\Container' not found in D:\\AppServ\\www\\Tutor\\public\\index.php:5\nStack trace:\n#0 {main}\n  thrown in D:\\AppServ\\www\\Tutor\\public\\index.php on line 5
[Wed Mar 17 11:41:03.050062 2021] [php7:error] [pid 9000:tid 1200] [client ::1:53519] PHP Fatal error:  Uncaught Error: Class 'Illuminate\\Contracts\\Container' not found in D:\\AppServ\\www\\Tutor\\public\\index.php:5\nStack trace:\n#0 {main}\n  thrown in D:\\AppServ\\www\\Tutor\\public\\index.php on line 5
[Wed Mar 17 11:42:13.174400 2021] [php7:error] [pid 9000:tid 1200] [client ::1:53525] PHP Fatal error:  Uncaught Error: Class 'Illuminate\\Contracts\\Container' not found in D:\\AppServ\\www\\Tutor\\public\\index.php:5\nStack trace:\n#0 {main}\n  thrown in D:\\AppServ\\www\\Tutor\\public\\index.php on line 5
[Wed Mar 17 11:42:19.355861 2021] [php7:error] [pid 9000:tid 1184] [client ::1:53528] PHP Fatal error:  Uncaught Error: Class 'Illuminate\\Contracts\\Container' not found in D:\\AppServ\\www\\Tutor\\public\\index.php:5\nStack trace:\n#0 {main}\n  thrown in D:\\AppServ\\www\\Tutor\\public\\index.php on line 5
[Wed Mar 17 11:43:59.228587 2021] [php7:error] [pid 9000:tid 1200] [client ::1:53569] PHP Fatal error:  Uncaught Error: Class 'Illuminate\\Contracts\\Container' not found in D:\\AppServ\\www\\Tutor\\public\\index.php:5\nStack trace:\n#0 {main}\n  thrown in D:\\AppServ\\www\\Tutor\\public\\index.php on line 5
[Wed Mar 17 11:44:03.626817 2021] [php7:error] [pid 9000:tid 1184] [client ::1:53570] PHP Fatal error:  Uncaught Error: Class 'Illuminate\\Contracts\\Container' not found in D:\\AppServ\\www\\Tutor\\public\\index.php:5\nStack trace:\n#0 {main}\n  thrown in D:\\AppServ\\www\\Tutor\\public\\index.php on line 5
[Wed Mar 17 11:44:06.757441 2021] [php7:error] [pid 9000:tid 1200] [client ::1:53572] PHP Fatal error:  Uncaught Error: Class 'Illuminate\\Contracts\\Container' not found in D:\\AppServ\\www\\Tutor\\public\\index.php:5\nStack trace:\n#0 {main}\n  thrown in D:\\AppServ\\www\\Tutor\\public\\index.php on line 5
[Wed Mar 17 11:44:12.649670 2021] [php7:error] [pid 9000:tid 1184] [client ::1:53574] PHP Fatal error:  Uncaught Error: Class 'Illuminate\\Contracts\\Container' not found in D:\\AppServ\\www\\Tutor\\public\\index.php:5\nStack trace:\n#0 {main}\n  thrown in D:\\AppServ\\www\\Tutor\\public\\index.php on line 5, referer: http://localhost:81/Tutor/
[Wed Mar 17 11:44:19.675900 2021] [php7:error] [pid 9000:tid 1200] [client ::1:53576] PHP Fatal error:  Uncaught Error: Class 'Illuminate\\Contracts\\Container' not found in D:\\AppServ\\www\\Tutor\\public\\index.php:5\nStack trace:\n#0 {main}\n  thrown in D:\\AppServ\\www\\Tutor\\public\\index.php on line 5, referer: http://localhost:81/Tutor/
[Wed Mar 17 11:44:33.069057 2021] [php7:error] [pid 9000:tid 1184] [client ::1:53577] PHP Fatal error:  Uncaught Error: Class 'Illuminate\\Contracts\\Container' not found in D:\\AppServ\\www\\Tutor\\public\\index.php:5\nStack trace:\n#0 {main}\n  thrown in D:\\AppServ\\www\\Tutor\\public\\index.php on line 5, referer: http://localhost:81/Tutor/
[Wed Mar 17 11:44:35.763848 2021] [php7:error] [pid 9000:tid 1200] [client ::1:53578] PHP Fatal error:  Uncaught Error: Class 'Illuminate\\Contracts\\Container' not found in D:\\AppServ\\www\\Tutor\\public\\index.php:5\nStack trace:\n#0 {main}\n  thrown in D:\\AppServ\\www\\Tutor\\public\\index.php on line 5, referer: http://localhost:81/Tutor/
[Wed Mar 17 11:44:41.582275 2021] [php7:notice] [pid 9000:tid 1184] [client ::1:53580] PHP Notice:  Undefined variable: app in D:\\AppServ\\www\\Tutor\\app\\Http\\routes.php on line 2, referer: http://localhost:81/Tutor/app/Http/
[Wed Mar 17 11:44:41.582275 2021] [php7:error] [pid 9000:tid 1184] [client ::1:53580] PHP Fatal error:  Uncaught Error: Call to a member function get() on null in D:\\AppServ\\www\\Tutor\\app\\Http\\routes.php:2\nStack trace:\n#0 {main}\n  thrown in D:\\AppServ\\www\\Tutor\\app\\Http\\routes.php on line 2, referer: http://localhost:81/Tutor/app/Http/
[Wed Mar 17 11:44:47.817558 2021] [php7:error] [pid 9000:tid 1200] [client ::1:53581] PHP Fatal error:  Uncaught Error: Class 'Illuminate\\Contracts\\Container' not found in D:\\AppServ\\www\\Tutor\\public\\index.php:5\nStack trace:\n#0 {main}\n  thrown in D:\\AppServ\\www\\Tutor\\public\\index.php on line 5, referer: http://localhost:81/Tutor/
[Wed Mar 17 11:45:19.578562 2021] [php7:error] [pid 9000:tid 1200] [client ::1:53585] PHP Fatal error:  Uncaught Error: Class 'Illuminate\\Contracts\\Container' not found in D:\\AppServ\\www\\Tutor\\public\\index.php:5\nStack trace:\n#0 {main}\n  thrown in D:\\AppServ\\www\\Tutor\\public\\index.php on line 5, referer: http://localhost:81/Tutor/
[Wed Mar 17 11:45:42.877211 2021] [php7:error] [pid 9000:tid 1184] [client ::1:53586] PHP Fatal error:  Uncaught Error: Class 'Illuminate\\Contracts\\Container' not found in D:\\AppServ\\www\\Tutor\\public\\index.php:5\nStack trace:\n#0 {main}\n  thrown in D:\\AppServ\\www\\Tutor\\public\\index.php on line 5
[Wed Mar 17 11:45:48.569005 2021] [php7:error] [pid 9000:tid 1200] [client ::1:53588] PHP Fatal error:  Uncaught Error: Class 'Illuminate\\Contracts\\Container' not found in D:\\AppServ\\www\\Tutor\\public\\index.php:5\nStack trace:\n#0 {main}\n  thrown in D:\\AppServ\\www\\Tutor\\public\\index.php on line 5, referer: http://localhost:81/Tutor/
[Wed Mar 17 11:46:23.659076 2021] [php7:error] [pid 9000:tid 1184] [client ::1:53592] PHP Fatal error:  Uncaught Error: Class 'Illuminate\\Contracts\\Container' not found in D:\\AppServ\\www\\Tutor\\public\\index.php:5\nStack trace:\n#0 {main}\n  thrown in D:\\AppServ\\www\\Tutor\\public\\index.php on line 5, referer: http://localhost:81/Tutor/
[Wed Mar 17 11:47:44.444916 2021] [php7:error] [pid 9000:tid 1184] [client ::1:53615] PHP Fatal error:  Uncaught Error: Class 'Illuminate\\Contracts\\Container' not found in D:\\AppServ\\www\\Tutor\\public\\index.php:5\nStack trace:\n#0 {main}\n  thrown in D:\\AppServ\\www\\Tutor\\public\\index.php on line 5, referer: http://localhost:81/Tutor/
[Wed Mar 17 11:47:50.620390 2021] [php7:error] [pid 9000:tid 1200] [client ::1:53619] PHP Fatal error:  Uncaught Error: Class 'Illuminate\\Contracts\\Container' not found in D:\\AppServ\\www\\Tutor\\public\\index.php:5\nStack trace:\n#0 {main}\n  thrown in D:\\AppServ\\www\\Tutor\\public\\index.php on line 5, referer: http://localhost:81/Tutor/
[Wed Mar 17 11:47:51.898934 2021] [php7:error] [pid 9000:tid 1184] [client ::1:53620] PHP Fatal error:  Uncaught Error: Class 'Illuminate\\Contracts\\Container' not found in D:\\AppServ\\www\\Tutor\\public\\index.php:5\nStack trace:\n#0 {main}\n  thrown in D:\\AppServ\\www\\Tutor\\public\\index.php on line 5, referer: http://localhost:81/Tutor/
[Wed Mar 17 11:47:56.632295 2021] [php7:warn] [pid 9000:tid 1200] [client ::1:53621] PHP Warning:  require(D:\\AppServ\\www\\Tutor\\public\\a/../vendor/autoload.php): failed to open stream: No such file or directory in D:\\AppServ\\www\\Tutor\\public\\a\\index.php on line 3, referer: http://localhost:81/Tutor/public/
[Wed Mar 17 11:47:56.632295 2021] [php7:error] [pid 9000:tid 1200] [client ::1:53621] PHP Fatal error:  require(): Failed opening required 'D:\\AppServ\\www\\Tutor\\public\\a/../vendor/autoload.php' (include_path='.;C:\\php\\pear') in D:\\AppServ\\www\\Tutor\\public\\a\\index.php on line 3, referer: http://localhost:81/Tutor/public/
[Wed Mar 17 11:47:58.022547 2021] [php7:warn] [pid 9000:tid 1184] [client ::1:53622] PHP Warning:  require(D:\\AppServ\\www\\Tutor\\public\\a/../vendor/autoload.php): failed to open stream: No such file or directory in D:\\AppServ\\www\\Tutor\\public\\a\\index.php on line 3, referer: http://localhost:81/Tutor/public/
[Wed Mar 17 11:47:58.022547 2021] [php7:error] [pid 9000:tid 1184] [client ::1:53622] PHP Fatal error:  require(): Failed opening required 'D:\\AppServ\\www\\Tutor\\public\\a/../vendor/autoload.php' (include_path='.;C:\\php\\pear') in D:\\AppServ\\www\\Tutor\\public\\a\\index.php on line 3, referer: http://localhost:81/Tutor/public/
[Wed Mar 17 11:48:03.901814 2021] [php7:warn] [pid 9000:tid 1200] [client ::1:53623] PHP Warning:  require(D:\\AppServ\\www\\Tutor\\public\\a/../vendor/autoload.php): failed to open stream: No such file or directory in D:\\AppServ\\www\\Tutor\\public\\a\\index.php on line 3, referer: http://localhost:81/Tutor/public/
[Wed Mar 17 11:48:03.901814 2021] [php7:error] [pid 9000:tid 1200] [client ::1:53623] PHP Fatal error:  require(): Failed opening required 'D:\\AppServ\\www\\Tutor\\public\\a/../vendor/autoload.php' (include_path='.;C:\\php\\pear') in D:\\AppServ\\www\\Tutor\\public\\a\\index.php on line 3, referer: http://localhost:81/Tutor/public/
[Wed Mar 17 11:48:16.733476 2021] [php7:warn] [pid 9000:tid 1184] [client ::1:53625] PHP Warning:  require(D:\\AppServ\\www\\Tutor\\public\\a/../vendor/autoload.php): failed to open stream: No such file or directory in D:\\AppServ\\www\\Tutor\\public\\a\\1.php on line 3, referer: http://localhost:81/Tutor/public/a/
[Wed Mar 17 11:48:16.733476 2021] [php7:error] [pid 9000:tid 1184] [client ::1:53625] PHP Fatal error:  require(): Failed opening required 'D:\\AppServ\\www\\Tutor\\public\\a/../vendor/autoload.php' (include_path='.;C:\\php\\pear') in D:\\AppServ\\www\\Tutor\\public\\a\\1.php on line 3, referer: http://localhost:81/Tutor/public/a/
[Wed Mar 17 11:48:27.093750 2021] [php7:warn] [pid 9000:tid 1184] [client ::1:53629] PHP Warning:  require(D:\\AppServ\\www\\Tutor\\public\\a/../vendor/autoload.php): failed to open stream: No such file or directory in D:\\AppServ\\www\\Tutor\\public\\a\\index.php on line 3, referer: http://localhost:81/Tutor/public/
[Wed Mar 17 11:48:27.094748 2021] [php7:error] [pid 9000:tid 1184] [client ::1:53629] PHP Fatal error:  require(): Failed opening required 'D:\\AppServ\\www\\Tutor\\public\\a/../vendor/autoload.php' (include_path='.;C:\\php\\pear') in D:\\AppServ\\www\\Tutor\\public\\a\\index.php on line 3, referer: http://localhost:81/Tutor/public/
[Wed Mar 17 15:30:33.971534 2021] [core:warn] [pid 228:tid 676] AH00098: pid file D:/AppServ/Apache24/logs/httpd.pid overwritten -- Unclean shutdown of previous Apache run?
[Wed Mar 17 15:30:33.971534 2021] [ssl:warn] [pid 228:tid 676] AH01873: Init: Session Cache is not configured [hint: SSLSessionCache]
[Wed Mar 17 15:30:34.136902 2021] [mpm_winnt:notice] [pid 228:tid 676] AH00455: Apache/2.4.41 (Win64) OpenSSL/1.1.1c PHP/7.3.10 configured -- resuming normal operations
[Wed Mar 17 15:30:34.136902 2021] [mpm_winnt:notice] [pid 228:tid 676] AH00456: Server built: Aug 10 2019 13:33:27
[Wed Mar 17 15:30:34.136902 2021] [core:notice] [pid 228:tid 676] AH00094: Command line: 'D:\\AppServ\\Apache24\\bin\\httpd.exe -d D:/AppServ/Apache24'
[Wed Mar 17 15:30:34.146902 2021] [mpm_winnt:notice] [pid 228:tid 676] AH00418: Parent: Created child process 13108
[Wed Mar 17 15:30:35.162817 2021] [ssl:warn] [pid 13108:tid 632] AH01873: Init: Session Cache is not configured [hint: SSLSessionCache]
[Wed Mar 17 15:30:35.182817 2021] [mpm_winnt:notice] [pid 13108:tid 632] AH00354: Child: Starting 64 worker threads.
[Wed Mar 17 15:30:43.834845 2021] [php7:error] [pid 13108:tid 1180] [client ::1:61468] PHP Fatal error:  Uncaught Error: Class 'Illuminate\\Contracts\\Container' not found in D:\\AppServ\\www\\Tutor\\public\\index.php:5\nStack trace:\n#0 {main}\n  thrown in D:\\AppServ\\www\\Tutor\\public\\index.php on line 5, referer: http://localhost:81/Tutor/
[Wed Mar 17 15:30:45.059449 2021] [php7:error] [pid 13108:tid 1172] [client ::1:61469] PHP Fatal error:  Uncaught Error: Class 'Illuminate\\Contracts\\Container' not found in D:\\AppServ\\www\\Tutor\\public\\index.php:5\nStack trace:\n#0 {main}\n  thrown in D:\\AppServ\\www\\Tutor\\public\\index.php on line 5, referer: http://localhost:81/Tutor/
[Wed Mar 17 15:30:58.315567 2021] [php7:notice] [pid 13108:tid 1180] [client ::1:61470] PHP Notice:  Undefined variable: app in D:\\AppServ\\www\\Tutor\\app\\Http\\routes.php on line 2, referer: http://localhost:81/Tutor/app/Http/
[Wed Mar 17 15:30:58.315567 2021] [php7:error] [pid 13108:tid 1180] [client ::1:61470] PHP Fatal error:  Uncaught Error: Call to a member function get() on null in D:\\AppServ\\www\\Tutor\\app\\Http\\routes.php:2\nStack trace:\n#0 {main}\n  thrown in D:\\AppServ\\www\\Tutor\\app\\Http\\routes.php on line 2, referer: http://localhost:81/Tutor/app/Http/
[Wed Mar 17 15:31:05.948454 2021] [php7:notice] [pid 13108:tid 1172] [client ::1:61480] PHP Notice:  Undefined variable: app in D:\\AppServ\\www\\Tutor\\app\\Http\\routes.php on line 2, referer: http://localhost:81/Tutor/app/Http/
[Wed Mar 17 15:31:05.948454 2021] [php7:error] [pid 13108:tid 1172] [client ::1:61480] PHP Fatal error:  Uncaught Error: Call to a member function get() on null in D:\\AppServ\\www\\Tutor\\app\\Http\\routes.php:2\nStack trace:\n#0 {main}\n  thrown in D:\\AppServ\\www\\Tutor\\app\\Http\\routes.php on line 2, referer: http://localhost:81/Tutor/app/Http/
[Wed Mar 17 15:31:14.017036 2021] [php7:error] [pid 13108:tid 1180] [client ::1:61486] PHP Fatal error:  Uncaught Error: Class 'Illuminate\\Contracts\\Container' not found in D:\\AppServ\\www\\Tutor\\public\\index.php:5\nStack trace:\n#0 {main}\n  thrown in D:\\AppServ\\www\\Tutor\\public\\index.php on line 5, referer: http://localhost:81/Tutor/
[Wed Mar 17 15:31:29.248443 2021] [php7:error] [pid 13108:tid 1172] [client ::1:61493] PHP Fatal error:  Uncaught Error: Class 'Illuminate\\Contracts\\Container' not found in D:\\AppServ\\www\\Tutor\\public\\index.php:5\nStack trace:\n#0 {main}\n  thrown in D:\\AppServ\\www\\Tutor\\public\\index.php on line 5, referer: http://localhost:81/Tutor/
[Wed Mar 17 15:33:31.369884 2021] [php7:error] [pid 13108:tid 1172] [client ::1:61621] PHP Fatal error:  Uncaught Error: Class 'Illuminate\\Contracts\\Container' not found in D:\\AppServ\\www\\Tutor\\public\\index.php:5\nStack trace:\n#0 {main}\n  thrown in D:\\AppServ\\www\\Tutor\\public\\index.php on line 5, referer: http://localhost:81/Tutor/
[Wed Mar 17 15:33:37.027905 2021] [php7:notice] [pid 13108:tid 1180] [client ::1:61622] PHP Notice:  Undefined variable: app in D:\\AppServ\\www\\Tutor\\app\\Http\\routes.php on line 2, referer: http://localhost:81/Tutor/app/Http/
[Wed Mar 17 15:33:37.027905 2021] [php7:error] [pid 13108:tid 1180] [client ::1:61622] PHP Fatal error:  Uncaught Error: Call to a member function get() on null in D:\\AppServ\\www\\Tutor\\app\\Http\\routes.php:2\nStack trace:\n#0 {main}\n  thrown in D:\\AppServ\\www\\Tutor\\app\\Http\\routes.php on line 2, referer: http://localhost:81/Tutor/app/Http/
[Wed Mar 17 15:33:43.123355 2021] [php7:error] [pid 13108:tid 1172] [client ::1:61635] PHP Fatal error:  Uncaught Error: Class 'Illuminate\\Contracts\\Container' not found in D:\\AppServ\\www\\Tutor\\public\\index.php:5\nStack trace:\n#0 {main}\n  thrown in D:\\AppServ\\www\\Tutor\\public\\index.php on line 5, referer: http://localhost:81/Tutor/
[Wed Mar 17 16:35:45.471909 2021] [php7:error] [pid 13108:tid 728] [client ::1:63487] PHP Fatal error:  Uncaught Error: Class 'Illuminate\\Contracts\\Container' not found in D:\\AppServ\\www\\Tutor\\public\\index.php:5\nStack trace:\n#0 {main}\n  thrown in D:\\AppServ\\www\\Tutor\\public\\index.php on line 5, referer: http://localhost:81/Tutor/
[Wed Mar 17 16:35:46.547034 2021] [php7:error] [pid 13108:tid 736] [client ::1:63488] PHP Fatal error:  Uncaught Error: Class 'Illuminate\\Contracts\\Container' not found in D:\\AppServ\\www\\Tutor\\public\\index.php:5\nStack trace:\n#0 {main}\n  thrown in D:\\AppServ\\www\\Tutor\\public\\index.php on line 5, referer: http://localhost:81/Tutor/
[Wed Mar 17 16:37:55.818089 2021] [php7:error] [pid 13108:tid 728] [client ::1:63669] PHP Fatal error:  Uncaught Error: Class 'Illuminate\\Contracts\\Container' not found in D:\\AppServ\\www\\Tutor\\public\\index.php:5\nStack trace:\n#0 {main}\n  thrown in D:\\AppServ\\www\\Tutor\\public\\index.php on line 5, referer: http://localhost:81/Tutor/
[Wed Mar 17 16:37:56.441420 2021] [php7:error] [pid 13108:tid 736] [client ::1:63670] PHP Fatal error:  Uncaught Error: Class 'Illuminate\\Contracts\\Container' not found in D:\\AppServ\\www\\Tutor\\public\\index.php:5\nStack trace:\n#0 {main}\n  thrown in D:\\AppServ\\www\\Tutor\\public\\index.php on line 5, referer: http://localhost:81/Tutor/
[Wed Mar 17 16:37:57.713019 2021] [php7:error] [pid 13108:tid 728] [client ::1:63671] PHP Fatal error:  Uncaught Error: Class 'Illuminate\\Contracts\\Container' not found in D:\\AppServ\\www\\Tutor\\public\\index.php:5\nStack trace:\n#0 {main}\n  thrown in D:\\AppServ\\www\\Tutor\\public\\index.php on line 5, referer: http://localhost:81/Tutor/
[Wed Mar 17 16:39:00.350393 2021] [php7:error] [pid 13108:tid 736] [client ::1:63731] PHP Fatal error:  Uncaught Error: Class 'Illuminate\\Contracts\\Container' not found in D:\\AppServ\\www\\Tutor\\public\\index.php:5\nStack trace:\n#0 {main}\n  thrown in D:\\AppServ\\www\\Tutor\\public\\index.php on line 5, referer: http://localhost:81/Tutor/
[Wed Mar 17 16:39:01.094434 2021] [php7:error] [pid 13108:tid 728] [client ::1:63732] PHP Fatal error:  Uncaught Error: Class 'Illuminate\\Contracts\\Container' not found in D:\\AppServ\\www\\Tutor\\public\\index.php:5\nStack trace:\n#0 {main}\n  thrown in D:\\AppServ\\www\\Tutor\\public\\index.php on line 5, referer: http://localhost:81/Tutor/
[Wed Mar 17 16:39:20.270087 2021] [php7:error] [pid 13108:tid 736] [client ::1:63735] PHP Fatal error:  Uncaught Error: Class 'Illuminate\\Contracts\\Container' not found in D:\\AppServ\\www\\Tutor\\public\\index.php:5\nStack trace:\n#0 {main}\n  thrown in D:\\AppServ\\www\\Tutor\\public\\index.php on line 5, referer: http://localhost:81/Tutor/
[Wed Mar 17 16:39:29.545264 2021] [php7:error] [pid 13108:tid 728] [client ::1:63743] PHP Fatal error:  Uncaught Error: Class 'Illuminate\\Contracts\\Container' not found in D:\\AppServ\\www\\Tutor\\public\\index.php:5\nStack trace:\n#0 {main}\n  thrown in D:\\AppServ\\www\\Tutor\\public\\index.php on line 5, referer: http://localhost:81/Tutor/
[Wed Mar 17 16:39:35.287896 2021] [php7:error] [pid 13108:tid 736] [client ::1:63748] PHP Fatal error:  Uncaught Error: Class 'Illuminate\\Contracts\\Container' not found in D:\\AppServ\\www\\Tutor\\public\\index.php:5\nStack trace:\n#0 {main}\n  thrown in D:\\AppServ\\www\\Tutor\\public\\index.php on line 5, referer: http://localhost:81/Tutor/
[Wed Mar 17 16:39:38.407548 2021] [php7:error] [pid 13108:tid 728] [client ::1:63751] PHP Fatal error:  Uncaught Error: Class 'Illuminate\\Contracts\\Container' not found in D:\\AppServ\\www\\Tutor\\public\\index.php:5\nStack trace:\n#0 {main}\n  thrown in D:\\AppServ\\www\\Tutor\\public\\index.php on line 5, referer: http://localhost:81/Tutor/
[Wed Mar 17 16:39:42.400861 2021] [php7:error] [pid 13108:tid 736] [client ::1:63754] PHP Fatal error:  Uncaught Error: Class 'Illuminate\\Contracts\\Container' not found in D:\\AppServ\\www\\Tutor\\public\\index.php:5\nStack trace:\n#0 {main}\n  thrown in D:\\AppServ\\www\\Tutor\\public\\index.php on line 5, referer: http://localhost:81/Tutor/
[Wed Mar 17 16:39:45.735936 2021] [php7:error] [pid 13108:tid 728] [client ::1:63758] PHP Fatal error:  Uncaught Error: Class 'Illuminate\\Contracts\\Container' not found in D:\\AppServ\\www\\Tutor\\public\\index.php:5\nStack trace:\n#0 {main}\n  thrown in D:\\AppServ\\www\\Tutor\\public\\index.php on line 5, referer: http://localhost:81/Tutor/
[Wed Mar 17 16:39:48.267163 2021] [php7:error] [pid 13108:tid 736] [client ::1:63762] PHP Fatal error:  Uncaught Error: Class 'Illuminate\\Contracts\\Container' not found in D:\\AppServ\\www\\Tutor\\public\\index.php:5\nStack trace:\n#0 {main}\n  thrown in D:\\AppServ\\www\\Tutor\\public\\index.php on line 5, referer: http://localhost:81/Tutor/
[Wed Mar 17 16:39:49.068019 2021] [php7:error] [pid 13108:tid 728] [client ::1:63763] PHP Fatal error:  Uncaught Error: Class 'Illuminate\\Contracts\\Container' not found in D:\\AppServ\\www\\Tutor\\public\\index.php:5\nStack trace:\n#0 {main}\n  thrown in D:\\AppServ\\www\\Tutor\\public\\index.php on line 5, referer: http://localhost:81/Tutor/
[Wed Mar 17 16:40:08.087157 2021] [php7:error] [pid 13108:tid 736] [client ::1:63765] PHP Fatal error:  Uncaught Error: Class 'Illuminate\\Contracts\\Container' not found in D:\\AppServ\\www\\Tutor\\public\\index.php:5\nStack trace:\n#0 {main}\n  thrown in D:\\AppServ\\www\\Tutor\\public\\index.php on line 5, referer: http://localhost:81/Tutor/
[Wed Mar 17 16:40:19.267202 2021] [php7:notice] [pid 13108:tid 728] [client ::1:63776] PHP Notice:  Undefined variable: response in D:\\AppServ\\www\\Tutor\\public\\index.php on line 14, referer: http://localhost:81/Tutor/
[Wed Mar 17 16:40:19.267202 2021] [php7:error] [pid 13108:tid 728] [client ::1:63776] PHP Fatal error:  Uncaught Error: Call to a member function send() on null in D:\\AppServ\\www\\Tutor\\public\\index.php:14\nStack trace:\n#0 {main}\n  thrown in D:\\AppServ\\www\\Tutor\\public\\index.php on line 14, referer: http://localhost:81/Tutor/
[Wed Mar 17 16:40:34.421648 2021] [php7:error] [pid 13108:tid 728] [client ::1:63780] PHP Fatal error:  Uncaught Error: Class 'Illuminate\\Contracts\\Container' not found in D:\\AppServ\\www\\Tutor\\public\\index.php:5\nStack trace:\n#0 {main}\n  thrown in D:\\AppServ\\www\\Tutor\\public\\index.php on line 5, referer: http://localhost:81/Tutor/
[Wed Mar 17 16:40:47.021927 2021] [php7:notice] [pid 13108:tid 736] [client ::1:63783] PHP Notice:  Undefined variable: app in D:\\AppServ\\www\\Tutor\\app\\Http\\routes.php on line 3, referer: http://localhost:81/Tutor/
[Wed Mar 17 16:40:47.021927 2021] [php7:error] [pid 13108:tid 736] [client ::1:63783] PHP Fatal error:  Uncaught Error: Call to a member function get() on null in D:\\AppServ\\www\\Tutor\\app\\Http\\routes.php:3\nStack trace:\n#0 D:\\AppServ\\www\\Tutor\\public\\index.php(9): require()\n#1 {main}\n  thrown in D:\\AppServ\\www\\Tutor\\app\\Http\\routes.php on line 3, referer: http://localhost:81/Tutor/
[Wed Mar 17 16:40:48.997640 2021] [php7:notice] [pid 13108:tid 728] [client ::1:63786] PHP Notice:  Undefined variable: app in D:\\AppServ\\www\\Tutor\\app\\Http\\routes.php on line 3, referer: http://localhost:81/Tutor/
[Wed Mar 17 16:40:48.997640 2021] [php7:error] [pid 13108:tid 728] [client ::1:63786] PHP Fatal error:  Uncaught Error: Call to a member function get() on null in D:\\AppServ\\www\\Tutor\\app\\Http\\routes.php:3\nStack trace:\n#0 D:\\AppServ\\www\\Tutor\\public\\index.php(9): require()\n#1 {main}\n  thrown in D:\\AppServ\\www\\Tutor\\app\\Http\\routes.php on line 3, referer: http://localhost:81/Tutor/
[Wed Mar 17 16:41:00.344276 2021] [php7:notice] [pid 13108:tid 736] [client ::1:63787] PHP Notice:  Undefined variable: app in D:\\AppServ\\www\\Tutor\\app\\Http\\routes.php on line 3, referer: http://localhost:81/Tutor/
[Wed Mar 17 16:41:00.344276 2021] [php7:error] [pid 13108:tid 736] [client ::1:63787] PHP Fatal error:  Uncaught Error: Call to a member function get() on null in D:\\AppServ\\www\\Tutor\\app\\Http\\routes.php:3\nStack trace:\n#0 D:\\AppServ\\www\\Tutor\\public\\index.php(9): require()\n#1 {main}\n  thrown in D:\\AppServ\\www\\Tutor\\app\\Http\\routes.php on line 3, referer: http://localhost:81/Tutor/
[Wed Mar 17 16:41:00.918738 2021] [php7:notice] [pid 13108:tid 728] [client ::1:63790] PHP Notice:  Undefined variable: app in D:\\AppServ\\www\\Tutor\\app\\Http\\routes.php on line 3, referer: http://localhost:81/Tutor/
[Wed Mar 17 16:41:00.918738 2021] [php7:error] [pid 13108:tid 728] [client ::1:63790] PHP Fatal error:  Uncaught Error: Call to a member function get() on null in D:\\AppServ\\www\\Tutor\\app\\Http\\routes.php:3\nStack trace:\n#0 D:\\AppServ\\www\\Tutor\\public\\index.php(9): require()\n#1 {main}\n  thrown in D:\\AppServ\\www\\Tutor\\app\\Http\\routes.php on line 3, referer: http://localhost:81/Tutor/
[Wed Mar 17 16:41:01.503174 2021] [php7:notice] [pid 13108:tid 736] [client ::1:63791] PHP Notice:  Undefined variable: app in D:\\AppServ\\www\\Tutor\\app\\Http\\routes.php on line 3, referer: http://localhost:81/Tutor/
[Wed Mar 17 16:41:01.503174 2021] [php7:error] [pid 13108:tid 736] [client ::1:63791] PHP Fatal error:  Uncaught Error: Call to a member function get() on null in D:\\AppServ\\www\\Tutor\\app\\Http\\routes.php:3\nStack trace:\n#0 D:\\AppServ\\www\\Tutor\\public\\index.php(9): require()\n#1 {main}\n  thrown in D:\\AppServ\\www\\Tutor\\app\\Http\\routes.php on line 3, referer: http://localhost:81/Tutor/
[Wed Mar 17 16:41:02.069658 2021] [php7:notice] [pid 13108:tid 728] [client ::1:63792] PHP Notice:  Undefined variable: app in D:\\AppServ\\www\\Tutor\\app\\Http\\routes.php on line 3, referer: http://localhost:81/Tutor/
[Wed Mar 17 16:41:02.069658 2021] [php7:error] [pid 13108:tid 728] [client ::1:63792] PHP Fatal error:  Uncaught Error: Call to a member function get() on null in D:\\AppServ\\www\\Tutor\\app\\Http\\routes.php:3\nStack trace:\n#0 D:\\AppServ\\www\\Tutor\\public\\index.php(9): require()\n#1 {main}\n  thrown in D:\\AppServ\\www\\Tutor\\app\\Http\\routes.php on line 3, referer: http://localhost:81/Tutor/
[Wed Mar 17 16:41:02.637140 2021] [php7:notice] [pid 13108:tid 736] [client ::1:63793] PHP Notice:  Undefined variable: app in D:\\AppServ\\www\\Tutor\\app\\Http\\routes.php on line 3, referer: http://localhost:81/Tutor/
[Wed Mar 17 16:41:02.637140 2021] [php7:error] [pid 13108:tid 736] [client ::1:63793] PHP Fatal error:  Uncaught Error: Call to a member function get() on null in D:\\AppServ\\www\\Tutor\\app\\Http\\routes.php:3\nStack trace:\n#0 D:\\AppServ\\www\\Tutor\\public\\index.php(9): require()\n#1 {main}\n  thrown in D:\\AppServ\\www\\Tutor\\app\\Http\\routes.php on line 3, referer: http://localhost:81/Tutor/
[Wed Mar 17 16:41:03.989552 2021] [php7:notice] [pid 13108:tid 728] [client ::1:63794] PHP Notice:  Undefined variable: app in D:\\AppServ\\www\\Tutor\\app\\Http\\routes.php on line 3, referer: http://localhost:81/Tutor/
[Wed Mar 17 16:41:03.989552 2021] [php7:error] [pid 13108:tid 728] [client ::1:63794] PHP Fatal error:  Uncaught Error: Call to a member function get() on null in D:\\AppServ\\www\\Tutor\\app\\Http\\routes.php:3\nStack trace:\n#0 D:\\AppServ\\www\\Tutor\\public\\index.php(9): require()\n#1 {main}\n  thrown in D:\\AppServ\\www\\Tutor\\app\\Http\\routes.php on line 3, referer: http://localhost:81/Tutor/
[Wed Mar 17 16:41:04.605870 2021] [php7:notice] [pid 13108:tid 736] [client ::1:63795] PHP Notice:  Undefined variable: app in D:\\AppServ\\www\\Tutor\\app\\Http\\routes.php on line 3, referer: http://localhost:81/Tutor/
[Wed Mar 17 16:41:04.605870 2021] [php7:error] [pid 13108:tid 736] [client ::1:63795] PHP Fatal error:  Uncaught Error: Call to a member function get() on null in D:\\AppServ\\www\\Tutor\\app\\Http\\routes.php:3\nStack trace:\n#0 D:\\AppServ\\www\\Tutor\\public\\index.php(9): require()\n#1 {main}\n  thrown in D:\\AppServ\\www\\Tutor\\app\\Http\\routes.php on line 3, referer: http://localhost:81/Tutor/
[Wed Mar 17 16:41:05.343928 2021] [php7:notice] [pid 13108:tid 728] [client ::1:63798] PHP Notice:  Undefined variable: app in D:\\AppServ\\www\\Tutor\\app\\Http\\routes.php on line 3, referer: http://localhost:81/Tutor/
[Wed Mar 17 16:41:05.343928 2021] [php7:error] [pid 13108:tid 728] [client ::1:63798] PHP Fatal error:  Uncaught Error: Call to a member function get() on null in D:\\AppServ\\www\\Tutor\\app\\Http\\routes.php:3\nStack trace:\n#0 D:\\AppServ\\www\\Tutor\\public\\index.php(9): require()\n#1 {main}\n  thrown in D:\\AppServ\\www\\Tutor\\app\\Http\\routes.php on line 3, referer: http://localhost:81/Tutor/
[Wed Mar 17 16:41:11.111499 2021] [php7:notice] [pid 13108:tid 736] [client ::1:63800] PHP Notice:  Undefined variable: app in D:\\AppServ\\www\\Tutor\\app\\Http\\routes.php on line 3, referer: http://localhost:81/Tutor/
[Wed Mar 17 16:41:11.111499 2021] [php7:error] [pid 13108:tid 736] [client ::1:63800] PHP Fatal error:  Uncaught Error: Call to a member function get() on null in D:\\AppServ\\www\\Tutor\\app\\Http\\routes.php:3\nStack trace:\n#0 D:\\AppServ\\www\\Tutor\\public\\index.php(9): require()\n#1 {main}\n  thrown in D:\\AppServ\\www\\Tutor\\app\\Http\\routes.php on line 3, referer: http://localhost:81/Tutor/
[Wed Mar 17 16:41:11.590179 2021] [php7:notice] [pid 13108:tid 728] [client ::1:63801] PHP Notice:  Undefined variable: app in D:\\AppServ\\www\\Tutor\\app\\Http\\routes.php on line 3, referer: http://localhost:81/Tutor/
[Wed Mar 17 16:41:11.590179 2021] [php7:error] [pid 13108:tid 728] [client ::1:63801] PHP Fatal error:  Uncaught Error: Call to a member function get() on null in D:\\AppServ\\www\\Tutor\\app\\Http\\routes.php:3\nStack trace:\n#0 D:\\AppServ\\www\\Tutor\\public\\index.php(9): require()\n#1 {main}\n  thrown in D:\\AppServ\\www\\Tutor\\app\\Http\\routes.php on line 3, referer: http://localhost:81/Tutor/
[Wed Mar 17 16:41:15.446858 2021] [php7:notice] [pid 13108:tid 736] [client ::1:63802] PHP Notice:  Undefined variable: app in D:\\AppServ\\www\\Tutor\\app\\Http\\routes.php on line 3, referer: http://localhost:81/Tutor/
[Wed Mar 17 16:41:15.446858 2021] [php7:error] [pid 13108:tid 736] [client ::1:63802] PHP Fatal error:  Uncaught Error: Call to a member function get() on null in D:\\AppServ\\www\\Tutor\\app\\Http\\routes.php:3\nStack trace:\n#0 D:\\AppServ\\www\\Tutor\\public\\index.php(9): require()\n#1 {main}\n  thrown in D:\\AppServ\\www\\Tutor\\app\\Http\\routes.php on line 3, referer: http://localhost:81/Tutor/
[Wed Mar 17 16:41:15.950510 2021] [php7:notice] [pid 13108:tid 728] [client ::1:63805] PHP Notice:  Undefined variable: app in D:\\AppServ\\www\\Tutor\\app\\Http\\routes.php on line 3, referer: http://localhost:81/Tutor/
[Wed Mar 17 16:41:15.950510 2021] [php7:error] [pid 13108:tid 728] [client ::1:63805] PHP Fatal error:  Uncaught Error: Call to a member function get() on null in D:\\AppServ\\www\\Tutor\\app\\Http\\routes.php:3\nStack trace:\n#0 D:\\AppServ\\www\\Tutor\\public\\index.php(9): require()\n#1 {main}\n  thrown in D:\\AppServ\\www\\Tutor\\app\\Http\\routes.php on line 3, referer: http://localhost:81/Tutor/
[Wed Mar 17 16:41:16.120058 2021] [php7:notice] [pid 13108:tid 736] [client ::1:63806] PHP Notice:  Undefined variable: app in D:\\AppServ\\www\\Tutor\\app\\Http\\routes.php on line 3, referer: http://localhost:81/Tutor/
[Wed Mar 17 16:41:16.120058 2021] [php7:error] [pid 13108:tid 736] [client ::1:63806] PHP Fatal error:  Uncaught Error: Call to a member function get() on null in D:\\AppServ\\www\\Tutor\\app\\Http\\routes.php:3\nStack trace:\n#0 D:\\AppServ\\www\\Tutor\\public\\index.php(9): require()\n#1 {main}\n  thrown in D:\\AppServ\\www\\Tutor\\app\\Http\\routes.php on line 3, referer: http://localhost:81/Tutor/
[Wed Mar 17 16:41:16.375375 2021] [php7:notice] [pid 13108:tid 728] [client ::1:63807] PHP Notice:  Undefined variable: app in D:\\AppServ\\www\\Tutor\\app\\Http\\routes.php on line 3, referer: http://localhost:81/Tutor/
[Wed Mar 17 16:41:16.375375 2021] [php7:error] [pid 13108:tid 728] [client ::1:63807] PHP Fatal error:  Uncaught Error: Call to a member function get() on null in D:\\AppServ\\www\\Tutor\\app\\Http\\routes.php:3\nStack trace:\n#0 D:\\AppServ\\www\\Tutor\\public\\index.php(9): require()\n#1 {main}\n  thrown in D:\\AppServ\\www\\Tutor\\app\\Http\\routes.php on line 3, referer: http://localhost:81/Tutor/
[Wed Mar 17 16:41:29.389580 2021] [php7:notice] [pid 13108:tid 736] [client ::1:63808] PHP Notice:  Undefined variable: app in D:\\AppServ\\www\\Tutor\\app\\Http\\routes.php on line 3, referer: http://localhost:81/Tutor/
[Wed Mar 17 16:41:29.389580 2021] [php7:error] [pid 13108:tid 736] [client ::1:63808] PHP Fatal error:  Uncaught Error: Call to a member function get() on null in D:\\AppServ\\www\\Tutor\\app\\Http\\routes.php:3\nStack trace:\n#0 D:\\AppServ\\www\\Tutor\\public\\index.php(9): require()\n#1 {main}\n  thrown in D:\\AppServ\\www\\Tutor\\app\\Http\\routes.php on line 3, referer: http://localhost:81/Tutor/
[Wed Mar 17 16:41:42.897398 2021] [php7:notice] [pid 13108:tid 728] [client ::1:63814] PHP Notice:  Undefined variable: app in D:\\AppServ\\www\\Tutor\\app\\Http\\routes.php on line 3, referer: http://localhost:81/Tutor/
[Wed Mar 17 16:41:42.897398 2021] [php7:error] [pid 13108:tid 728] [client ::1:63814] PHP Fatal error:  Uncaught Error: Call to a member function get() on null in D:\\AppServ\\www\\Tutor\\app\\Http\\routes.php:3\nStack trace:\n#0 D:\\AppServ\\www\\Tutor\\public\\index.php(9): require()\n#1 {main}\n  thrown in D:\\AppServ\\www\\Tutor\\app\\Http\\routes.php on line 3, referer: http://localhost:81/Tutor/
[Wed Mar 17 16:41:43.374122 2021] [php7:notice] [pid 13108:tid 736] [client ::1:63818] PHP Notice:  Undefined variable: app in D:\\AppServ\\www\\Tutor\\app\\Http\\routes.php on line 3, referer: http://localhost:81/Tutor/
[Wed Mar 17 16:41:43.374122 2021] [php7:error] [pid 13108:tid 736] [client ::1:63818] PHP Fatal error:  Uncaught Error: Call to a member function get() on null in D:\\AppServ\\www\\Tutor\\app\\Http\\routes.php:3\nStack trace:\n#0 D:\\AppServ\\www\\Tutor\\public\\index.php(9): require()\n#1 {main}\n  thrown in D:\\AppServ\\www\\Tutor\\app\\Http\\routes.php on line 3, referer: http://localhost:81/Tutor/
[Wed Mar 17 16:41:44.117167 2021] [php7:notice] [pid 13108:tid 728] [client ::1:63819] PHP Notice:  Undefined variable: app in D:\\AppServ\\www\\Tutor\\app\\Http\\routes.php on line 3, referer: http://localhost:81/Tutor/
[Wed Mar 17 16:41:44.117167 2021] [php7:error] [pid 13108:tid 728] [client ::1:63819] PHP Fatal error:  Uncaught Error: Call to a member function get() on null in D:\\AppServ\\www\\Tutor\\app\\Http\\routes.php:3\nStack trace:\n#0 D:\\AppServ\\www\\Tutor\\public\\index.php(9): require()\n#1 {main}\n  thrown in D:\\AppServ\\www\\Tutor\\app\\Http\\routes.php on line 3, referer: http://localhost:81/Tutor/
[Wed Mar 17 16:41:50.068208 2021] [php7:notice] [pid 13108:tid 736] [client ::1:63820] PHP Notice:  Undefined variable: app in D:\\AppServ\\www\\Tutor\\app\\Http\\routes.php on line 3, referer: http://localhost:81/Tutor/
[Wed Mar 17 16:41:50.068208 2021] [php7:error] [pid 13108:tid 736] [client ::1:63820] PHP Fatal error:  Uncaught Error: Call to a member function get() on null in D:\\AppServ\\www\\Tutor\\app\\Http\\routes.php:3\nStack trace:\n#0 D:\\AppServ\\www\\Tutor\\public\\index.php(9): require()\n#1 {main}\n  thrown in D:\\AppServ\\www\\Tutor\\app\\Http\\routes.php on line 3, referer: http://localhost:81/Tutor/
[Wed Mar 17 16:41:50.632698 2021] [php7:notice] [pid 13108:tid 728] [client ::1:63825] PHP Notice:  Undefined variable: app in D:\\AppServ\\www\\Tutor\\app\\Http\\routes.php on line 3, referer: http://localhost:81/Tutor/
[Wed Mar 17 16:41:50.632698 2021] [php7:error] [pid 13108:tid 728] [client ::1:63825] PHP Fatal error:  Uncaught Error: Call to a member function get() on null in D:\\AppServ\\www\\Tutor\\app\\Http\\routes.php:3\nStack trace:\n#0 D:\\AppServ\\www\\Tutor\\public\\index.php(9): require()\n#1 {main}\n  thrown in D:\\AppServ\\www\\Tutor\\app\\Http\\routes.php on line 3, referer: http://localhost:81/Tutor/
[Wed Mar 17 16:41:56.756311 2021] [php7:notice] [pid 13108:tid 736] [client ::1:63828] PHP Notice:  Undefined variable: app in D:\\AppServ\\www\\Tutor\\app\\Http\\routes.php on line 3, referer: http://localhost:81/Tutor/
[Wed Mar 17 16:41:56.756311 2021] [php7:error] [pid 13108:tid 736] [client ::1:63828] PHP Fatal error:  Uncaught Error: Call to a member function get() on null in D:\\AppServ\\www\\Tutor\\app\\Http\\routes.php:3\nStack trace:\n#0 D:\\AppServ\\www\\Tutor\\public\\index.php(9): require()\n#1 {main}\n  thrown in D:\\AppServ\\www\\Tutor\\app\\Http\\routes.php on line 3, referer: http://localhost:81/Tutor/
[Wed Mar 17 16:42:01.805831 2021] [php7:notice] [pid 13108:tid 728] [client ::1:63829] PHP Notice:  Undefined variable: app in D:\\AppServ\\www\\Tutor\\app\\Http\\routes.php on line 3, referer: http://localhost:81/Tutor/
[Wed Mar 17 16:42:01.805831 2021] [php7:error] [pid 13108:tid 728] [client ::1:63829] PHP Fatal error:  Uncaught Error: Call to a member function get() on null in D:\\AppServ\\www\\Tutor\\app\\Http\\routes.php:3\nStack trace:\n#0 D:\\AppServ\\www\\Tutor\\public\\index.php(9): require()\n#1 {main}\n  thrown in D:\\AppServ\\www\\Tutor\\app\\Http\\routes.php on line 3, referer: http://localhost:81/Tutor/
[Wed Mar 17 16:42:02.512905 2021] [php7:notice] [pid 13108:tid 736] [client ::1:63830] PHP Notice:  Undefined variable: app in D:\\AppServ\\www\\Tutor\\app\\Http\\routes.php on line 3, referer: http://localhost:81/Tutor/
[Wed Mar 17 16:42:02.512905 2021] [php7:error] [pid 13108:tid 736] [client ::1:63830] PHP Fatal error:  Uncaught Error: Call to a member function get() on null in D:\\AppServ\\www\\Tutor\\app\\Http\\routes.php:3\nStack trace:\n#0 D:\\AppServ\\www\\Tutor\\public\\index.php(9): require()\n#1 {main}\n  thrown in D:\\AppServ\\www\\Tutor\\app\\Http\\routes.php on line 3, referer: http://localhost:81/Tutor/
[Wed Mar 17 16:42:06.309778 2021] [php7:error] [pid 13108:tid 728] [client ::1:63833] PHP Fatal error:  Uncaught Error: Class 'lluminate\\Routing\\RoutingServiceProvider' not found in D:\\AppServ\\www\\Tutor\\public\\index.php:7\nStack trace:\n#0 {main}\n  thrown in D:\\AppServ\\www\\Tutor\\public\\index.php on line 7, referer: http://localhost:81/Tutor/
[Wed Mar 17 16:42:07.322040 2021] [php7:error] [pid 13108:tid 736] [client ::1:63834] PHP Fatal error:  Uncaught Error: Class 'lluminate\\Routing\\RoutingServiceProvider' not found in D:\\AppServ\\www\\Tutor\\public\\index.php:7\nStack trace:\n#0 {main}\n  thrown in D:\\AppServ\\www\\Tutor\\public\\index.php on line 7, referer: http://localhost:81/Tutor/
[Wed Mar 17 16:42:23.309251 2021] [php7:notice] [pid 13108:tid 728] [client ::1:63835] PHP Notice:  Undefined variable: app in D:\\AppServ\\www\\Tutor\\app\\Http\\routes.php on line 3, referer: http://localhost:81/Tutor/
[Wed Mar 17 16:42:23.309251 2021] [php7:error] [pid 13108:tid 728] [client ::1:63835] PHP Fatal error:  Uncaught Error: Call to a member function get() on null in D:\\AppServ\\www\\Tutor\\app\\Http\\routes.php:3\nStack trace:\n#0 D:\\AppServ\\www\\Tutor\\public\\index.php(9): require()\n#1 {main}\n  thrown in D:\\AppServ\\www\\Tutor\\app\\Http\\routes.php on line 3, referer: http://localhost:81/Tutor/
[Wed Mar 17 16:42:39.978642 2021] [php7:notice] [pid 13108:tid 736] [client ::1:63838] PHP Notice:  Undefined variable: app in D:\\AppServ\\www\\Tutor\\app\\Http\\routes.php on line 3, referer: http://localhost:81/Tutor/
[Wed Mar 17 16:42:39.979639 2021] [php7:error] [pid 13108:tid 736] [client ::1:63838] PHP Fatal error:  Uncaught Error: Call to a member function get() on null in D:\\AppServ\\www\\Tutor\\app\\Http\\routes.php:3\nStack trace:\n#0 D:\\AppServ\\www\\Tutor\\public\\index.php(9): require()\n#1 {main}\n  thrown in D:\\AppServ\\www\\Tutor\\app\\Http\\routes.php on line 3, referer: http://localhost:81/Tutor/
[Wed Mar 17 16:42:40.530194 2021] [php7:notice] [pid 13108:tid 728] [client ::1:63844] PHP Notice:  Undefined variable: app in D:\\AppServ\\www\\Tutor\\app\\Http\\routes.php on line 3, referer: http://localhost:81/Tutor/
[Wed Mar 17 16:42:40.530194 2021] [php7:error] [pid 13108:tid 728] [client ::1:63844] PHP Fatal error:  Uncaught Error: Call to a member function get() on null in D:\\AppServ\\www\\Tutor\\app\\Http\\routes.php:3\nStack trace:\n#0 D:\\AppServ\\www\\Tutor\\public\\index.php(9): require()\n#1 {main}\n  thrown in D:\\AppServ\\www\\Tutor\\app\\Http\\routes.php on line 3, referer: http://localhost:81/Tutor/
[Wed Mar 17 16:42:40.699746 2021] [php7:notice] [pid 13108:tid 736] [client ::1:63845] PHP Notice:  Undefined variable: app in D:\\AppServ\\www\\Tutor\\app\\Http\\routes.php on line 3, referer: http://localhost:81/Tutor/
[Wed Mar 17 16:42:40.699746 2021] [php7:error] [pid 13108:tid 736] [client ::1:63845] PHP Fatal error:  Uncaught Error: Call to a member function get() on null in D:\\AppServ\\www\\Tutor\\app\\Http\\routes.php:3\nStack trace:\n#0 D:\\AppServ\\www\\Tutor\\public\\index.php(9): require()\n#1 {main}\n  thrown in D:\\AppServ\\www\\Tutor\\app\\Http\\routes.php on line 3, referer: http://localhost:81/Tutor/
[Wed Mar 17 16:42:41.266221 2021] [php7:notice] [pid 13108:tid 728] [client ::1:63846] PHP Notice:  Undefined variable: app in D:\\AppServ\\www\\Tutor\\app\\Http\\routes.php on line 3, referer: http://localhost:81/Tutor/
[Wed Mar 17 16:42:41.266221 2021] [php7:error] [pid 13108:tid 728] [client ::1:63846] PHP Fatal error:  Uncaught Error: Call to a member function get() on null in D:\\AppServ\\www\\Tutor\\app\\Http\\routes.php:3\nStack trace:\n#0 D:\\AppServ\\www\\Tutor\\public\\index.php(9): require()\n#1 {main}\n  thrown in D:\\AppServ\\www\\Tutor\\app\\Http\\routes.php on line 3, referer: http://localhost:81/Tutor/
[Wed Mar 17 16:42:41.666126 2021] [php7:notice] [pid 13108:tid 736] [client ::1:63847] PHP Notice:  Undefined variable: app in D:\\AppServ\\www\\Tutor\\app\\Http\\routes.php on line 3, referer: http://localhost:81/Tutor/
[Wed Mar 17 16:42:41.666126 2021] [php7:error] [pid 13108:tid 736] [client ::1:63847] PHP Fatal error:  Uncaught Error: Call to a member function get() on null in D:\\AppServ\\www\\Tutor\\app\\Http\\routes.php:3\nStack trace:\n#0 D:\\AppServ\\www\\Tutor\\public\\index.php(9): require()\n#1 {main}\n  thrown in D:\\AppServ\\www\\Tutor\\app\\Http\\routes.php on line 3, referer: http://localhost:81/Tutor/
[Wed Mar 17 16:42:45.330353 2021] [php7:error] [pid 13108:tid 728] [client ::1:63848] PHP Fatal error:  Uncaught Error: Class 'Illuminate\\Http\\Request' not found in D:\\AppServ\\www\\Tutor\\public\\index.php:11\nStack trace:\n#0 {main}\n  thrown in D:\\AppServ\\www\\Tutor\\public\\index.php on line 11, referer: http://localhost:81/Tutor/
[Wed Mar 17 16:42:49.292719 2021] [php7:notice] [pid 13108:tid 736] [client ::1:63849] PHP Notice:  Undefined variable: app in D:\\AppServ\\www\\Tutor\\app\\Http\\routes.php on line 3, referer: http://localhost:81/Tutor/
[Wed Mar 17 16:42:49.292719 2021] [php7:error] [pid 13108:tid 736] [client ::1:63849] PHP Fatal error:  Uncaught Error: Call to a member function get() on null in D:\\AppServ\\www\\Tutor\\app\\Http\\routes.php:3\nStack trace:\n#0 D:\\AppServ\\www\\Tutor\\public\\index.php(9): require()\n#1 {main}\n  thrown in D:\\AppServ\\www\\Tutor\\app\\Http\\routes.php on line 3, referer: http://localhost:81/Tutor/
[Wed Mar 17 16:43:01.961813 2021] [php7:notice] [pid 13108:tid 728] [client ::1:63851] PHP Notice:  Undefined variable: app in D:\\AppServ\\www\\Tutor\\app\\Http\\routes.php on line 3, referer: http://localhost:81/Tutor/
[Wed Mar 17 16:43:01.961813 2021] [php7:error] [pid 13108:tid 728] [client ::1:63851] PHP Fatal error:  Uncaught Error: Call to a member function get() on null in D:\\AppServ\\www\\Tutor\\app\\Http\\routes.php:3\nStack trace:\n#0 D:\\AppServ\\www\\Tutor\\public\\index.php(9): require()\n#1 {main}\n  thrown in D:\\AppServ\\www\\Tutor\\app\\Http\\routes.php on line 3, referer: http://localhost:81/Tutor/
[Wed Mar 17 16:43:04.258702 2021] [php7:error] [pid 13108:tid 736] [client ::1:63854] PHP Fatal error:  Uncaught Error: Call to undefined function with() in D:\\AppServ\\www\\Tutor\\public\\index.php:7\nStack trace:\n#0 {main}\n  thrown in D:\\AppServ\\www\\Tutor\\public\\index.php on line 7, referer: http://localhost:81/Tutor/
[Wed Mar 17 16:43:43.726047 2021] [php7:error] [pid 13108:tid 728] [client ::1:63855] PHP Fatal error:  Uncaught Error: Class 'Illuminate\\Contracts\\Container' not found in D:\\AppServ\\www\\Tutor\\public\\index.php:5\nStack trace:\n#0 {main}\n  thrown in D:\\AppServ\\www\\Tutor\\public\\index.php on line 5, referer: http://localhost:81/Tutor/
[Wed Mar 17 16:43:44.460083 2021] [php7:error] [pid 13108:tid 736] [client ::1:63898] PHP Fatal error:  Uncaught Error: Class 'Illuminate\\Contracts\\Container' not found in D:\\AppServ\\www\\Tutor\\public\\index.php:5\nStack trace:\n#0 {main}\n  thrown in D:\\AppServ\\www\\Tutor\\public\\index.php on line 5, referer: http://localhost:81/Tutor/
[Wed Mar 17 16:43:44.997643 2021] [php7:error] [pid 13108:tid 728] [client ::1:63899] PHP Fatal error:  Uncaught Error: Class 'Illuminate\\Contracts\\Container' not found in D:\\AppServ\\www\\Tutor\\public\\index.php:5\nStack trace:\n#0 {main}\n  thrown in D:\\AppServ\\www\\Tutor\\public\\index.php on line 5, referer: http://localhost:81/Tutor/
[Wed Mar 17 16:44:04.274479 2021] [php7:error] [pid 13108:tid 736] [client ::1:63902] PHP Fatal error:  Uncaught Error: Class 'Illuminate\\Contracts\\Container' not found in D:\\AppServ\\www\\Tutor\\public\\index.php:5\nStack trace:\n#0 {main}\n  thrown in D:\\AppServ\\www\\Tutor\\public\\index.php on line 5, referer: http://localhost:81/Tutor/
[Wed Mar 17 16:45:52.001222 2021] [php7:notice] [pid 13108:tid 728] [client ::1:63933] PHP Notice:  Undefined variable: app in D:\\AppServ\\www\\Tutor\\app\\Http\\routes.php on line 2, referer: http://localhost:81/Tutor/
[Wed Mar 17 16:45:52.001222 2021] [php7:error] [pid 13108:tid 728] [client ::1:63933] PHP Fatal error:  Uncaught Error: Call to a member function get() on null in D:\\AppServ\\www\\Tutor\\app\\Http\\routes.php:2\nStack trace:\n#0 D:\\AppServ\\www\\Tutor\\public\\index.php(9): require()\n#1 {main}\n  thrown in D:\\AppServ\\www\\Tutor\\app\\Http\\routes.php on line 2, referer: http://localhost:81/Tutor/
[Wed Mar 17 16:45:52.642477 2021] [php7:notice] [pid 13108:tid 736] [client ::1:63934] PHP Notice:  Undefined variable: app in D:\\AppServ\\www\\Tutor\\app\\Http\\routes.php on line 2, referer: http://localhost:81/Tutor/
[Wed Mar 17 16:45:52.642477 2021] [php7:error] [pid 13108:tid 736] [client ::1:63934] PHP Fatal error:  Uncaught Error: Call to a member function get() on null in D:\\AppServ\\www\\Tutor\\app\\Http\\routes.php:2\nStack trace:\n#0 D:\\AppServ\\www\\Tutor\\public\\index.php(9): require()\n#1 {main}\n  thrown in D:\\AppServ\\www\\Tutor\\app\\Http\\routes.php on line 2, referer: http://localhost:81/Tutor/
[Wed Mar 17 16:46:09.140323 2021] [php7:notice] [pid 13108:tid 728] [client ::1:63935] PHP Notice:  Undefined variable: app in D:\\AppServ\\www\\Tutor\\app\\Http\\routes.php on line 3, referer: http://localhost:81/Tutor/
[Wed Mar 17 16:46:09.140323 2021] [php7:error] [pid 13108:tid 728] [client ::1:63935] PHP Fatal error:  Uncaught Error: Call to a member function get() on null in D:\\AppServ\\www\\Tutor\\app\\Http\\routes.php:3\nStack trace:\n#0 D:\\AppServ\\www\\Tutor\\public\\index.php(9): require()\n#1 {main}\n  thrown in D:\\AppServ\\www\\Tutor\\app\\Http\\routes.php on line 3, referer: http://localhost:81/Tutor/
[Wed Mar 17 16:47:29.528194 2021] [php7:crit] [pid 13108:tid 736] [client ::1:63957] PHP Parse error:  syntax error, unexpected 'return' (T_RETURN), expecting ')' in D:\\AppServ\\www\\Tutor\\app\\Http\\routes.php on line 4, referer: http://localhost:81/Tutor/
[Wed Mar 17 16:47:30.240292 2021] [php7:crit] [pid 13108:tid 728] [client ::1:63958] PHP Parse error:  syntax error, unexpected 'return' (T_RETURN), expecting ')' in D:\\AppServ\\www\\Tutor\\app\\Http\\routes.php on line 4, referer: http://localhost:81/Tutor/
[Wed Mar 17 16:47:36.521514 2021] [php7:notice] [pid 13108:tid 736] [client ::1:63959] PHP Notice:  Undefined variable: app in D:\\AppServ\\www\\Tutor\\app\\Http\\routes.php on line 3, referer: http://localhost:81/Tutor/
[Wed Mar 17 16:47:36.521514 2021] [php7:error] [pid 13108:tid 736] [client ::1:63959] PHP Fatal error:  Uncaught Error: Call to a member function get() on null in D:\\AppServ\\www\\Tutor\\app\\Http\\routes.php:3\nStack trace:\n#0 D:\\AppServ\\www\\Tutor\\public\\index.php(9): require()\n#1 {main}\n  thrown in D:\\AppServ\\www\\Tutor\\app\\Http\\routes.php on line 3, referer: http://localhost:81/Tutor/
[Wed Mar 17 16:48:22.566259 2021] [php7:error] [pid 13108:tid 728] [client ::1:63960] PHP Fatal error:  Uncaught Error: Class 'Illuminate\\Contracts\\Container' not found in D:\\AppServ\\www\\Tutor\\public\\index.php:5\nStack trace:\n#0 {main}\n  thrown in D:\\AppServ\\www\\Tutor\\public\\index.php on line 5, referer: http://localhost:81/Tutor/
[Wed Mar 17 16:48:23.081879 2021] [php7:error] [pid 13108:tid 736] [client ::1:63968] PHP Fatal error:  Uncaught Error: Class 'Illuminate\\Contracts\\Container' not found in D:\\AppServ\\www\\Tutor\\public\\index.php:5\nStack trace:\n#0 {main}\n  thrown in D:\\AppServ\\www\\Tutor\\public\\index.php on line 5, referer: http://localhost:81/Tutor/
[Wed Mar 17 16:48:31.147297 2021] [php7:error] [pid 13108:tid 728] [client ::1:63969] PHP Fatal error:  Uncaught Error: Class 'Illuminate\\Contracts\\Container' not found in D:\\AppServ\\www\\Tutor\\public\\index.php:5\nStack trace:\n#0 {main}\n  thrown in D:\\AppServ\\www\\Tutor\\public\\index.php on line 5, referer: http://localhost:81/Tutor/
[Wed Mar 17 16:48:31.670893 2021] [php7:error] [pid 13108:tid 736] [client ::1:63973] PHP Fatal error:  Uncaught Error: Class 'Illuminate\\Contracts\\Container' not found in D:\\AppServ\\www\\Tutor\\public\\index.php:5\nStack trace:\n#0 {main}\n  thrown in D:\\AppServ\\www\\Tutor\\public\\index.php on line 5, referer: http://localhost:81/Tutor/
[Wed Mar 17 16:48:38.382932 2021] [php7:error] [pid 13108:tid 728] [client ::1:63974] PHP Fatal error:  Uncaught Error: Class 'Illuminate\\Contracts\\Container' not found in D:\\AppServ\\www\\Tutor\\public\\index.php:5\nStack trace:\n#0 {main}\n  thrown in D:\\AppServ\\www\\Tutor\\public\\index.php on line 5, referer: http://localhost:81/Tutor/
[Wed Mar 17 16:48:39.014242 2021] [php7:error] [pid 13108:tid 736] [client ::1:63975] PHP Fatal error:  Uncaught Error: Class 'Illuminate\\Contracts\\Container' not found in D:\\AppServ\\www\\Tutor\\public\\index.php:5\nStack trace:\n#0 {main}\n  thrown in D:\\AppServ\\www\\Tutor\\public\\index.php on line 5, referer: http://localhost:81/Tutor/
[Wed Mar 17 16:50:54.623338 2021] [php7:error] [pid 13108:tid 728] [client ::1:63998] PHP Fatal error:  Uncaught Error: Class 'Illuminate\\Contracts\\Container' not found in D:\\AppServ\\www\\Tutor\\public\\index.php:5\nStack trace:\n#0 {main}\n  thrown in D:\\AppServ\\www\\Tutor\\public\\index.php on line 5, referer: http://localhost:81/Tutor/
[Wed Mar 17 16:50:55.200791 2021] [php7:error] [pid 13108:tid 736] [client ::1:63999] PHP Fatal error:  Uncaught Error: Class 'Illuminate\\Contracts\\Container' not found in D:\\AppServ\\www\\Tutor\\public\\index.php:5\nStack trace:\n#0 {main}\n  thrown in D:\\AppServ\\www\\Tutor\\public\\index.php on line 5, referer: http://localhost:81/Tutor/
[Wed Mar 17 16:52:33.309247 2021] [php7:error] [pid 13108:tid 728] [client ::1:64011] PHP Fatal error:  Uncaught Error: Class 'lluminate\\Routing\\RoutingServiceProvider' not found in D:\\AppServ\\www\\Tutor\\public\\index.php:7\nStack trace:\n#0 {main}\n  thrown in D:\\AppServ\\www\\Tutor\\public\\index.php on line 7, referer: http://localhost:81/Tutor/
[Wed Mar 17 16:52:34.072201 2021] [php7:error] [pid 13108:tid 736] [client ::1:64012] PHP Fatal error:  Uncaught Error: Class 'lluminate\\Routing\\RoutingServiceProvider' not found in D:\\AppServ\\www\\Tutor\\public\\index.php:7\nStack trace:\n#0 {main}\n  thrown in D:\\AppServ\\www\\Tutor\\public\\index.php on line 7, referer: http://localhost:81/Tutor/
[Wed Mar 17 16:53:07.074881 2021] [php7:error] [pid 13108:tid 728] [client ::1:64013] PHP Fatal error:  Uncaught Error: Class 'lluminate\\Routing\\RoutingServiceProvider' not found in D:\\AppServ\\www\\Tutor\\public\\index.php:7\nStack trace:\n#0 {main}\n  thrown in D:\\AppServ\\www\\Tutor\\public\\index.php on line 7, referer: http://localhost:81/Tutor/
[Wed Mar 17 16:53:07.721153 2021] [php7:error] [pid 13108:tid 736] [client ::1:64016] PHP Fatal error:  Uncaught Error: Class 'lluminate\\Routing\\RoutingServiceProvider' not found in D:\\AppServ\\www\\Tutor\\public\\index.php:7\nStack trace:\n#0 {main}\n  thrown in D:\\AppServ\\www\\Tutor\\public\\index.php on line 7, referer: http://localhost:81/Tutor/
[Wed Mar 17 16:53:11.391329 2021] [php7:notice] [pid 13108:tid 728] [client ::1:64017] PHP Notice:  Undefined variable: app in D:\\AppServ\\www\\Tutor\\app\\Http\\routes.php on line 3, referer: http://localhost:81/Tutor/
[Wed Mar 17 16:53:11.391329 2021] [php7:error] [pid 13108:tid 728] [client ::1:64017] PHP Fatal error:  Uncaught Error: Call to a member function get() on null in D:\\AppServ\\www\\Tutor\\app\\Http\\routes.php:3\nStack trace:\n#0 D:\\AppServ\\www\\Tutor\\public\\index.php(8): require()\n#1 {main}\n  thrown in D:\\AppServ\\www\\Tutor\\app\\Http\\routes.php on line 3, referer: http://localhost:81/Tutor/
[Wed Mar 17 16:53:19.108711 2021] [php7:notice] [pid 13108:tid 736] [client ::1:64018] PHP Notice:  Undefined variable: app in D:\\AppServ\\www\\Tutor\\app\\Http\\routes.php on line 3, referer: http://localhost:81/Tutor/
[Wed Mar 17 16:53:19.108711 2021] [php7:error] [pid 13108:tid 736] [client ::1:64018] PHP Fatal error:  Uncaught Error: Call to a member function get() on null in D:\\AppServ\\www\\Tutor\\app\\Http\\routes.php:3\nStack trace:\n#0 D:\\AppServ\\www\\Tutor\\public\\index.php(8): require()\n#1 {main}\n  thrown in D:\\AppServ\\www\\Tutor\\app\\Http\\routes.php on line 3, referer: http://localhost:81/Tutor/
[Wed Mar 17 16:53:24.008564 2021] [php7:error] [pid 13108:tid 728] [client ::1:64023] PHP Fatal error:  Uncaught ReflectionException: Class router does not exist in D:\\AppServ\\www\\Tutor\\vendor\\illuminate\\container\\Container.php:833\nStack trace:\n#0 D:\\AppServ\\www\\Tutor\\vendor\\illuminate\\container\\Container.php(833): ReflectionClass->__construct('router')\n#1 D:\\AppServ\\www\\Tutor\\vendor\\illuminate\\container\\Container.php(714): Illuminate\\Container\\Container->build('router')\n#2 D:\\AppServ\\www\\Tutor\\vendor\\illuminate\\container\\Container.php(652): Illuminate\\Container\\Container->resolve('router', Array)\n#3 D:\\AppServ\\www\\Tutor\\vendor\\illuminate\\container\\Container.php(1365): Illuminate\\Container\\Container->make('router')\n#4 D:\\AppServ\\www\\Tutor\\app\\Http\\routes.php(3): Illuminate\\Container\\Container->offsetGet('router')\n#5 D:\\AppServ\\www\\Tutor\\public\\index.php(9): require('D:\\\\AppServ\\\\www\\\\...')\n#6 {main}\n\nNext Illuminate\\Contracts\\Container\\BindingResolutionException: Target class [router] does not exist. in D:\\AppServ\\www\\Tutor\\vendor\\illuminate\\container\\Container.php:835\nStack trace:\n#0 D:\\AppServ\\www\\Tutor\\vendo in D:\\AppServ\\www\\Tutor\\vendor\\illuminate\\container\\Container.php on line 835, referer: http://localhost:81/Tutor/
[Wed Mar 17 16:53:24.598985 2021] [php7:error] [pid 13108:tid 736] [client ::1:64026] PHP Fatal error:  Uncaught ReflectionException: Class router does not exist in D:\\AppServ\\www\\Tutor\\vendor\\illuminate\\container\\Container.php:833\nStack trace:\n#0 D:\\AppServ\\www\\Tutor\\vendor\\illuminate\\container\\Container.php(833): ReflectionClass->__construct('router')\n#1 D:\\AppServ\\www\\Tutor\\vendor\\illuminate\\container\\Container.php(714): Illuminate\\Container\\Container->build('router')\n#2 D:\\AppServ\\www\\Tutor\\vendor\\illuminate\\container\\Container.php(652): Illuminate\\Container\\Container->resolve('router', Array)\n#3 D:\\AppServ\\www\\Tutor\\vendor\\illuminate\\container\\Container.php(1365): Illuminate\\Container\\Container->make('router')\n#4 D:\\AppServ\\www\\Tutor\\app\\Http\\routes.php(3): Illuminate\\Container\\Container->offsetGet('router')\n#5 D:\\AppServ\\www\\Tutor\\public\\index.php(9): require('D:\\\\AppServ\\\\www\\\\...')\n#6 {main}\n\nNext Illuminate\\Contracts\\Container\\BindingResolutionException: Target class [router] does not exist. in D:\\AppServ\\www\\Tutor\\vendor\\illuminate\\container\\Container.php:835\nStack trace:\n#0 D:\\AppServ\\www\\Tutor\\vendo in D:\\AppServ\\www\\Tutor\\vendor\\illuminate\\container\\Container.php on line 835, referer: http://localhost:81/Tutor/
[Wed Mar 17 16:53:28.037783 2021] [php7:error] [pid 13108:tid 728] [client ::1:64027] PHP Fatal error:  Uncaught ReflectionException: Class router does not exist in D:\\AppServ\\www\\Tutor\\vendor\\illuminate\\container\\Container.php:833\nStack trace:\n#0 D:\\AppServ\\www\\Tutor\\vendor\\illuminate\\container\\Container.php(833): ReflectionClass->__construct('router')\n#1 D:\\AppServ\\www\\Tutor\\vendor\\illuminate\\container\\Container.php(714): Illuminate\\Container\\Container->build('router')\n#2 D:\\AppServ\\www\\Tutor\\vendor\\illuminate\\container\\Container.php(652): Illuminate\\Container\\Container->resolve('router', Array)\n#3 D:\\AppServ\\www\\Tutor\\vendor\\illuminate\\container\\Container.php(1365): Illuminate\\Container\\Container->make('router')\n#4 D:\\AppServ\\www\\Tutor\\app\\Http\\routes.php(3): Illuminate\\Container\\Container->offsetGet('router')\n#5 D:\\AppServ\\www\\Tutor\\public\\index.php(9): require('D:\\\\AppServ\\\\www\\\\...')\n#6 {main}\n\nNext Illuminate\\Contracts\\Container\\BindingResolutionException: Target class [router] does not exist. in D:\\AppServ\\www\\Tutor\\vendor\\illuminate\\container\\Container.php:835\nStack trace:\n#0 D:\\AppServ\\www\\Tutor\\vendo in D:\\AppServ\\www\\Tutor\\vendor\\illuminate\\container\\Container.php on line 835, referer: http://localhost:81/Tutor/
[Wed Mar 17 16:53:28.734915 2021] [php7:error] [pid 13108:tid 736] [client ::1:64028] PHP Fatal error:  Uncaught ReflectionException: Class router does not exist in D:\\AppServ\\www\\Tutor\\vendor\\illuminate\\container\\Container.php:833\nStack trace:\n#0 D:\\AppServ\\www\\Tutor\\vendor\\illuminate\\container\\Container.php(833): ReflectionClass->__construct('router')\n#1 D:\\AppServ\\www\\Tutor\\vendor\\illuminate\\container\\Container.php(714): Illuminate\\Container\\Container->build('router')\n#2 D:\\AppServ\\www\\Tutor\\vendor\\illuminate\\container\\Container.php(652): Illuminate\\Container\\Container->resolve('router', Array)\n#3 D:\\AppServ\\www\\Tutor\\vendor\\illuminate\\container\\Container.php(1365): Illuminate\\Container\\Container->make('router')\n#4 D:\\AppServ\\www\\Tutor\\app\\Http\\routes.php(3): Illuminate\\Container\\Container->offsetGet('router')\n#5 D:\\AppServ\\www\\Tutor\\public\\index.php(9): require('D:\\\\AppServ\\\\www\\\\...')\n#6 {main}\n\nNext Illuminate\\Contracts\\Container\\BindingResolutionException: Target class [router] does not exist. in D:\\AppServ\\www\\Tutor\\vendor\\illuminate\\container\\Container.php:835\nStack trace:\n#0 D:\\AppServ\\www\\Tutor\\vendo in D:\\AppServ\\www\\Tutor\\vendor\\illuminate\\container\\Container.php on line 835, referer: http://localhost:81/Tutor/
[Wed Mar 17 16:53:32.182721 2021] [php7:error] [pid 13108:tid 728] [client ::1:64029] PHP Fatal error:  Uncaught Error: Class 'lluminate\\Routing\\RoutingServiceProvider' not found in D:\\AppServ\\www\\Tutor\\public\\index.php:7\nStack trace:\n#0 {main}\n  thrown in D:\\AppServ\\www\\Tutor\\public\\index.php on line 7, referer: http://localhost:81/Tutor/
[Wed Mar 17 16:53:33.366524 2021] [php7:error] [pid 13108:tid 736] [client ::1:64030] PHP Fatal error:  Uncaught Error: Class 'lluminate\\Routing\\RoutingServiceProvider' not found in D:\\AppServ\\www\\Tutor\\public\\index.php:7\nStack trace:\n#0 {main}\n  thrown in D:\\AppServ\\www\\Tutor\\public\\index.php on line 7, referer: http://localhost:81/Tutor/
[Wed Mar 17 16:53:36.957943 2021] [php7:error] [pid 13108:tid 728] [client ::1:64031] PHP Fatal error:  Uncaught ReflectionException: Class router does not exist in D:\\AppServ\\www\\Tutor\\vendor\\illuminate\\container\\Container.php:833\nStack trace:\n#0 D:\\AppServ\\www\\Tutor\\vendor\\illuminate\\container\\Container.php(833): ReflectionClass->__construct('router')\n#1 D:\\AppServ\\www\\Tutor\\vendor\\illuminate\\container\\Container.php(714): Illuminate\\Container\\Container->build('router')\n#2 D:\\AppServ\\www\\Tutor\\vendor\\illuminate\\container\\Container.php(652): Illuminate\\Container\\Container->resolve('router', Array)\n#3 D:\\AppServ\\www\\Tutor\\vendor\\illuminate\\container\\Container.php(1365): Illuminate\\Container\\Container->make('router')\n#4 D:\\AppServ\\www\\Tutor\\app\\Http\\routes.php(3): Illuminate\\Container\\Container->offsetGet('router')\n#5 D:\\AppServ\\www\\Tutor\\public\\index.php(9): require('D:\\\\AppServ\\\\www\\\\...')\n#6 {main}\n\nNext Illuminate\\Contracts\\Container\\BindingResolutionException: Target class [router] does not exist. in D:\\AppServ\\www\\Tutor\\vendor\\illuminate\\container\\Container.php:835\nStack trace:\n#0 D:\\AppServ\\www\\Tutor\\vendo in D:\\AppServ\\www\\Tutor\\vendor\\illuminate\\container\\Container.php on line 835, referer: http://localhost:81/Tutor/
[Wed Mar 17 17:09:55.861993 2021] [php7:crit] [pid 13108:tid 728] [client ::1:64207] PHP Parse error:  syntax error, unexpected '}', expecting ';' in D:\\AppServ\\www\\Tutor\\app\\Http\\Controllers\\WelcomeController.php on line 6, referer: http://localhost:81/Tutor/app/Http/Controllers/
[Wed Mar 17 17:10:37.357081 2021] [php7:error] [pid 13108:tid 736] [client ::1:64217] PHP Fatal error:  Uncaught Error: Class 'lluminate\\Routing\\RoutingServiceProvider' not found in D:\\AppServ\\www\\Tutor\\public\\index.php:7\nStack trace:\n#0 {main}\n  thrown in D:\\AppServ\\www\\Tutor\\public\\index.php on line 7
[Wed Mar 17 17:10:56.435153 2021] [php7:error] [pid 13108:tid 728] [client ::1:64218] PHP Fatal error:  Uncaught Error: Class 'lluminate\\Routing\\RoutingServiceProvider' not found in D:\\AppServ\\www\\Tutor\\public\\index.php:7\nStack trace:\n#0 {main}\n  thrown in D:\\AppServ\\www\\Tutor\\public\\index.php on line 7
[Wed Mar 17 17:10:57.008064 2021] [php7:error] [pid 13108:tid 736] [client ::1:64219] PHP Fatal error:  Uncaught Error: Class 'lluminate\\Routing\\RoutingServiceProvider' not found in D:\\AppServ\\www\\Tutor\\public\\index.php:7\nStack trace:\n#0 {main}\n  thrown in D:\\AppServ\\www\\Tutor\\public\\index.php on line 7
[Wed Mar 17 17:10:57.420957 2021] [php7:error] [pid 13108:tid 728] [client ::1:64220] PHP Fatal error:  Uncaught Error: Class 'lluminate\\Routing\\RoutingServiceProvider' not found in D:\\AppServ\\www\\Tutor\\public\\index.php:7\nStack trace:\n#0 {main}\n  thrown in D:\\AppServ\\www\\Tutor\\public\\index.php on line 7
[Wed Mar 17 17:11:07.778966 2021] [php7:notice] [pid 13108:tid 736] [client ::1:64221] PHP Notice:  Undefined variable: app in D:\\AppServ\\www\\Tutor\\app\\Http\\routes.php on line 5
[Wed Mar 17 17:11:07.778966 2021] [php7:error] [pid 13108:tid 736] [client ::1:64221] PHP Fatal error:  Uncaught Error: Call to a member function get() on null in D:\\AppServ\\www\\Tutor\\app\\Http\\routes.php:5\nStack trace:\n#0 D:\\AppServ\\www\\Tutor\\public\\index.php(9): require()\n#1 {main}\n  thrown in D:\\AppServ\\www\\Tutor\\app\\Http\\routes.php on line 5
[Wed Mar 17 17:11:08.260679 2021] [php7:notice] [pid 13108:tid 728] [client ::1:64226] PHP Notice:  Undefined variable: app in D:\\AppServ\\www\\Tutor\\app\\Http\\routes.php on line 5
[Wed Mar 17 17:11:08.260679 2021] [php7:error] [pid 13108:tid 728] [client ::1:64226] PHP Fatal error:  Uncaught Error: Call to a member function get() on null in D:\\AppServ\\www\\Tutor\\app\\Http\\routes.php:5\nStack trace:\n#0 D:\\AppServ\\www\\Tutor\\public\\index.php(9): require()\n#1 {main}\n  thrown in D:\\AppServ\\www\\Tutor\\app\\Http\\routes.php on line 5
[Wed Mar 17 17:11:09.065270 2021] [php7:notice] [pid 13108:tid 736] [client ::1:64227] PHP Notice:  Undefined variable: app in D:\\AppServ\\www\\Tutor\\app\\Http\\routes.php on line 5
[Wed Mar 17 17:11:09.065270 2021] [php7:error] [pid 13108:tid 736] [client ::1:64227] PHP Fatal error:  Uncaught Error: Call to a member function get() on null in D:\\AppServ\\www\\Tutor\\app\\Http\\routes.php:5\nStack trace:\n#0 D:\\AppServ\\www\\Tutor\\public\\index.php(9): require()\n#1 {main}\n  thrown in D:\\AppServ\\www\\Tutor\\app\\Http\\routes.php on line 5
[Wed Mar 17 17:11:09.633604 2021] [php7:notice] [pid 13108:tid 728] [client ::1:64229] PHP Notice:  Undefined variable: app in D:\\AppServ\\www\\Tutor\\app\\Http\\routes.php on line 5
[Wed Mar 17 17:11:09.633604 2021] [php7:error] [pid 13108:tid 728] [client ::1:64229] PHP Fatal error:  Uncaught Error: Call to a member function get() on null in D:\\AppServ\\www\\Tutor\\app\\Http\\routes.php:5\nStack trace:\n#0 D:\\AppServ\\www\\Tutor\\public\\index.php(9): require()\n#1 {main}\n  thrown in D:\\AppServ\\www\\Tutor\\app\\Http\\routes.php on line 5
[Wed Mar 17 17:11:10.176446 2021] [php7:notice] [pid 13108:tid 736] [client ::1:64230] PHP Notice:  Undefined variable: app in D:\\AppServ\\www\\Tutor\\app\\Http\\routes.php on line 5
[Wed Mar 17 17:11:10.176446 2021] [php7:error] [pid 13108:tid 736] [client ::1:64230] PHP Fatal error:  Uncaught Error: Call to a member function get() on null in D:\\AppServ\\www\\Tutor\\app\\Http\\routes.php:5\nStack trace:\n#0 D:\\AppServ\\www\\Tutor\\public\\index.php(9): require()\n#1 {main}\n  thrown in D:\\AppServ\\www\\Tutor\\app\\Http\\routes.php on line 5
[Wed Mar 17 17:53:33.325124 2021] [php7:crit] [pid 13108:tid 728] [client ::1:65503] PHP Parse error:  syntax error, unexpected 'is' (T_STRING) in D:\\AppServ\\www\\Tutor\\public\\test2.php on line 4
[Wed Mar 17 17:54:03.199181 2021] [php7:crit] [pid 13108:tid 736] [client ::1:65504] PHP Parse error:  syntax error, unexpected 'is' (T_STRING) in D:\\AppServ\\www\\Tutor\\app\\Http\\test1.php on line 4, referer: http://localhost:81/Tutor/app/Http/
[Wed Mar 17 17:54:04.256599 2021] [php7:crit] [pid 13108:tid 728] [client ::1:49167] PHP Parse error:  syntax error, unexpected 'is' (T_STRING) in D:\\AppServ\\www\\Tutor\\app\\Http\\test1.php on line 4, referer: http://localhost:81/Tutor/app/Http/
[Wed Mar 17 17:54:17.431446 2021] [php7:crit] [pid 13108:tid 736] [client ::1:49175] PHP Parse error:  syntax error, unexpected 'is' (T_STRING) in D:\\AppServ\\www\\Tutor\\app\\Http\\test1.php on line 4, referer: http://localhost:81/Tutor/app/Http/
[Wed Mar 17 17:54:30.042281 2021] [php7:crit] [pid 13108:tid 728] [client ::1:49201] PHP Parse error:  syntax error, unexpected 'is' (T_STRING) in D:\\AppServ\\www\\Tutor\\app\\Http\\test1.php on line 4, referer: http://localhost:81/Tutor/app/Http/
[Wed Mar 17 17:54:30.607104 2021] [php7:crit] [pid 13108:tid 736] [client ::1:49221] PHP Parse error:  syntax error, unexpected 'is' (T_STRING) in D:\\AppServ\\www\\Tutor\\app\\Http\\test1.php on line 4, referer: http://localhost:81/Tutor/app/Http/
